Log file open, 01/28/18 22:09:35
LogWindows: Failed to load 'aqProf.dll' (GetLastError=126)
LogWindows: File 'aqProf.dll' does not exist
LogWindows: Failed to load 'VSPerf140.dll' (GetLastError=126)
LogWindows: File 'VSPerf140.dll' does not exist
LogWindows: Failed to load 'VtuneApi.dll' (GetLastError=126)
LogWindows: File 'VtuneApi.dll' does not exist
LogWindows: Failed to load 'VtuneApi32e.dll' (GetLastError=126)
LogWindows: File 'VtuneApi32e.dll' does not exist
LogInit: Display: Running engine for game: Kingpin2018
LogPlatformFile: Not using cached read wrapper
LogInit: Display: RandInit(-1480080921) SRandInit(-1480080921).
LogTaskGraph: Started task graph with 5 named threads and 14 total threads with 3 sets of task threads.
LogStats: Stats thread started at 0.170884
LogD3D11RHI: Aftermath initialized
LogPluginManager: Mounting plugin Paper2D
LogPluginManager: Mounting plugin LightPropagationVolume
LogPluginManager: Mounting plugin CodeLiteSourceCodeAccess
LogPluginManager: Mounting plugin GitSourceControl
LogPluginManager: Mounting plugin KDevelopSourceCodeAccess
LogPluginManager: Mounting plugin NullSourceCodeAccess
LogPluginManager: Mounting plugin PerforceSourceControl
LogPluginManager: Mounting plugin SubversionSourceControl
LogPluginManager: Mounting plugin UObjectPlugin
LogPluginManager: Mounting plugin VisualStudioSourceCodeAccess
LogPluginManager: Mounting plugin XCodeSourceCodeAccess
LogPluginManager: Mounting plugin AssetManagerEditor
LogPluginManager: Mounting plugin AudioCapture
LogPluginManager: Mounting plugin FacialAnimation
LogPluginManager: Mounting plugin GameplayTagsEditor
LogPluginManager: Mounting plugin MobileLauncherProfileWizard
LogPluginManager: Mounting plugin PluginBrowser
LogPluginManager: Mounting plugin SpeedTreeImporter
LogPluginManager: Mounting plugin AlembicImporter
LogPluginManager: Mounting plugin CharacterAI
LogPluginManager: Mounting plugin HTML5Networking
LogPluginManager: Mounting plugin AndroidMedia
LogPluginManager: Mounting plugin AvfMedia
LogPluginManager: Mounting plugin MediaPlayerEditor
LogPluginManager: Mounting plugin WmfMedia
LogPluginManager: Mounting plugin TcpMessaging
LogPluginManager: Mounting plugin UdpMessaging
LogPluginManager: Mounting plugin LevelSequenceEditor
LogPluginManager: Mounting plugin MatineeToLevelSequence
LogPluginManager: Mounting plugin OnlineSubsystemGooglePlay
LogPluginManager: Mounting plugin OnlineSubsystemIOS
LogPluginManager: Mounting plugin OnlineSubsystem
LogPluginManager: Mounting plugin OnlineSubsystemNull
LogPluginManager: Mounting plugin OnlineSubsystemUtils
LogPluginManager: Mounting plugin AndroidDeviceProfileSelector
LogPluginManager: Mounting plugin AndroidMoviePlayer
LogPluginManager: Mounting plugin AndroidPermission
LogPluginManager: Mounting plugin AppleMoviePlayer
LogPluginManager: Mounting plugin ArchVisCharacter
LogPluginManager: Mounting plugin CableComponent
LogPluginManager: Mounting plugin CustomMeshComponent
LogPluginManager: Mounting plugin ExampleDeviceProfileSelector
LogPluginManager: Mounting plugin GoogleCloudMessaging
LogPluginManager: Mounting plugin ImmediatePhysics
LogPluginManager: Mounting plugin IOSDeviceProfileSelector
LogPluginManager: Mounting plugin LinuxDeviceProfileSelector
LogPluginManager: Mounting plugin LocationServicesBPLibrary
LogPluginManager: Mounting plugin MobilePatchingUtils
LogPluginManager: Mounting plugin OculusVR
LogPluginManager: Mounting plugin PhysXVehicles
LogPluginManager: Mounting plugin ProceduralMeshComponent
LogPluginManager: Mounting plugin RuntimePhysXCooking
LogPluginManager: Mounting plugin SteamVR
LogPluginManager: Mounting plugin WindowsMoviePlayer
LogInit: Using libcurl 7.47.1
LogInit:  - built for x86_64-pc-win32
LogInit:  - supports SSL with OpenSSL/1.0.2g
LogInit:  - supports HTTP deflate (compression) using libz 1.2.8
LogInit:  - other features:
LogInit:      CURL_VERSION_SSL
LogInit:      CURL_VERSION_LIBZ
LogInit:      CURL_VERSION_IPV6
LogInit:      CURL_VERSION_ASYNCHDNS
LogInit:      CURL_VERSION_LARGEFILE
LogInit:      CURL_VERSION_IDN
LogInit:  CurlRequestOptions (configurable via config and command line):
LogInit:  - bVerifyPeer = false  - Libcurl will NOT verify peer certificate
LogInit:  - bUseHttpProxy = false  - Libcurl will NOT use HTTP proxy
LogInit:  - bDontReuseConnections = false  - Libcurl will reuse connections
LogInit:  - CertBundlePath = nullptr  - Libcurl will use whatever was configured at build time.
LogInit: Build: ++UE4+Release-4.17-CL-3658906
LogInit: Engine Version: 4.17.2-3658906+++UE4+Release-4.17
LogInit: Compatible Engine Version: 4.17.0-3573198+++UE4+Release-4.17
LogInit: Net CL: 3573198
LogDevObjectVersion: Number of dev versions registered: 16
LogDevObjectVersion:   Dev-Blueprints (B0D832E4-1F89-4F0D-ACCF-7EB736FD4AA2): 10
LogDevObjectVersion:   Dev-Build (E1C64328-A22C-4D53-A36C-8E866417BD8C): 0
LogDevObjectVersion:   Dev-Core (375EC13C-06E4-48FB-B500-84F0262A717E): 2
LogDevObjectVersion:   Dev-Editor (E4B068ED-F494-42E9-A231-DA0B2E46BB41): 20
LogDevObjectVersion:   Dev-Framework (CFFC743F-43B0-4480-9391-14DF171D2073): 28
LogDevObjectVersion:   Dev-Mobile (B02B49B5-BB20-44E9-A304-32B752E40360): 0
LogDevObjectVersion:   Dev-Networking (A4E4105C-59A1-49B5-A7C5-40C4547EDFEE): 0
LogDevObjectVersion:   Dev-Online (39C831C9-5AE6-47DC-9A44-9C173E1C8E7C): 0
LogDevObjectVersion:   Dev-Physics (78F01B33-EBEA-4F98-B9B4-84EACCB95AA2): 0
LogDevObjectVersion:   Dev-Platform (6631380F-2D4D-43E0-8009-CF276956A95A): 0
LogDevObjectVersion:   Dev-Rendering (12F88B9F-8875-4AFC-A67C-D90C383ABD29): 19
LogDevObjectVersion:   Dev-Sequencer (7B5AE74C-D270-4C10-A958-57980B212A5A): 4
LogDevObjectVersion:   Dev-VR (D7296918-1DD6-4BDD-9DE2-64A83CC13884): 0
LogDevObjectVersion:   Dev-LoadTimes (C2A15278-BFE7-4AFE-6C17-90FF531DF755): 1
LogDevObjectVersion:   Private-Geometry (6EACA3D4-40EC-4CC1-B786-8BED09428FC5): 1
LogDevObjectVersion:   Dev-AnimPhys (29E575DD-E0A3-4627-9D10-D276232CDCEA): 7
LogInit: Compiled (64-bit): Sep 22 2017 13:47:16
LogInit: Compiled with Visual C++: 19.00.24215.01
LogInit: Build Configuration: Development
LogInit: Branch Name: ++UE4+Release-4.17
LogInit: Command line:  
LogInit: Base directory: E:/Prive/Gamedesign/Epic Games/UE_4.17/Engine/Binaries/Win64/
LogInit: Installed Engine Build: 1
LogInit: Presizing for max 8388607 objects, including 0 objects not considered by GC, pre-allocating 0 bytes for permanent pool.
LogInit: Object subsystem initialized
[2018.01.28-21.09.36:129][  0]LogInit: Selected Device Profile: [Windows]
[2018.01.28-21.09.36:129][  0]LogInit: Applying CVar settings loaded from the selected device profile: [Windows]
[2018.01.28-21.09.36:141][  0]LogInit: Computer: DESKTOP-8ALJVJM
[2018.01.28-21.09.36:141][  0]LogInit: User: LTK19
[2018.01.28-21.09.36:141][  0]LogInit: CPU Page size=4096, Cores=4
[2018.01.28-21.09.36:141][  0]LogInit: High frequency timer resolution =2.742188 MHz
[2018.01.28-21.09.36:141][  0]LogMemory: Memory total: Physical=15.9GB (16GB approx)
[2018.01.28-21.09.36:141][  0]LogMemory: Platform Memory Stats for Windows
[2018.01.28-21.09.36:141][  0]LogMemory: Process Physical Memory: 280.37 MB used, 280.37 MB peak
[2018.01.28-21.09.36:141][  0]LogMemory: Process Virtual Memory: 274.32 MB used, 274.32 MB peak
[2018.01.28-21.09.36:141][  0]LogMemory: Physical Memory: 5872.78 MB used,  10397.06 MB free, 16269.84 MB total
[2018.01.28-21.09.36:141][  0]LogMemory: Virtual Memory: 702.75 MB used,  10397.06 MB free, 134217728.00 MB total
[2018.01.28-21.09.36:287][  0]LogInit: Using OS detected language (nl-NL).
[2018.01.28-21.09.36:287][  0]LogInit: Using OS detected locale (nl-NL).
[2018.01.28-21.09.36:290][  0]LogTextLocalizationManager: No localization for 'nl-NL' exists, so 'en' will be used for the language.
[2018.01.28-21.09.36:290][  0]LogTextLocalizationManager: No localization for 'nl-NL' exists, so 'en' will be used for the locale.
[2018.01.28-21.09.36:993][  0]LogD3D11RHI: D3D11 adapters:
[2018.01.28-21.09.37:049][  0]LogD3D11RHI:    0. 'NVIDIA GeForce GTX 1050 Ti' (Feature Level 11_0)
[2018.01.28-21.09.37:049][  0]LogD3D11RHI:       4029/0/8134 MB DedicatedVideo/DedicatedSystem/SharedSystem, Outputs:1, VendorId:0x10de
[2018.01.28-21.09.37:059][  0]LogD3D11RHI:    1. 'Intel(R) HD Graphics 630' (Feature Level 11_0)
[2018.01.28-21.09.37:059][  0]LogD3D11RHI:       128/0/8134 MB DedicatedVideo/DedicatedSystem/SharedSystem, Outputs:0, VendorId:0x8086
[2018.01.28-21.09.37:060][  0]LogD3D11RHI:    2. 'Microsoft Basic Render Driver' (Feature Level 11_0)
[2018.01.28-21.09.37:061][  0]LogD3D11RHI:       0/0/8134 MB DedicatedVideo/DedicatedSystem/SharedSystem, Outputs:0, VendorId:0x1414
[2018.01.28-21.09.37:061][  0]LogD3D11RHI: Chosen D3D11 Adapter: 0
[2018.01.28-21.09.37:068][  0]LogD3D11RHI: Creating new Direct3DDevice
[2018.01.28-21.09.37:068][  0]LogD3D11RHI:     GPU DeviceId: 0x1c8c (for the marketing name, search the web for "GPU Device Id")
[2018.01.28-21.09.37:068][  0]LogWindows: EnumDisplayDevices:
[2018.01.28-21.09.37:068][  0]LogWindows:    0. 'Intel(R) HD Graphics 630' (P:1 D:1)
[2018.01.28-21.09.37:068][  0]LogWindows:    1. 'Intel(R) HD Graphics 630' (P:0 D:0)
[2018.01.28-21.09.37:068][  0]LogWindows:    2. 'Intel(R) HD Graphics 630' (P:0 D:0)
[2018.01.28-21.09.37:068][  0]LogWindows:    3. 'NVIDIA GeForce GTX 1050 Ti' (P:0 D:0)
[2018.01.28-21.09.37:069][  0]LogWindows:    4. 'NVIDIA GeForce GTX 1050 Ti' (P:0 D:0)
[2018.01.28-21.09.37:069][  0]LogWindows:    5. 'NVIDIA GeForce GTX 1050 Ti' (P:0 D:0)
[2018.01.28-21.09.37:069][  0]LogWindows:    6. 'NVIDIA GeForce GTX 1050 Ti' (P:0 D:0)
[2018.01.28-21.09.37:069][  0]LogWindows: DebugString: GetVideoDriverDetailsInvalid PrimaryIsNotTheChoosenAdapter GetVideoDriverDetailsInvalid PrimaryIsNotTheChoosenAdapter GetVideoDriverDetailsInvalid PrimaryIsNotTheChoosenAdapter GetVideoDriverDetailsInvalid PrimaryIsNotTheChoosenAdapter GetVideoDriverDetailsInvalid PrimaryIsNotTheChoosenAdapter GetVideoDriverDetailsInvalid PrimaryIsNotTheChoosenAdapter GetVideoDriverDetailsInvalid PrimaryIsNotTheChoosenAdapter FoundDriverCount:0 
[2018.01.28-21.09.37:069][  0]LogD3D11RHI:     Adapter Name: NVIDIA GeForce GTX 1050 Ti
[2018.01.28-21.09.37:069][  0]LogD3D11RHI:   Driver Version: Unknown (internal:Unknown, unified:Unknown)
[2018.01.28-21.09.37:069][  0]LogD3D11RHI:      Driver Date: Unknown
[2018.01.28-21.09.37:069][  0]LogRHI: Texture pool is 1361 MB (70% of 1945 MB)
[2018.01.28-21.09.37:094][  0]LogD3D11RHI: Async texture creation enabled
[2018.01.28-21.09.37:104][  0]LogD3D11RHI: GPU Timing Frequency: 1000.000000 (Debug: 2 1)
[2018.01.28-21.09.37:105][  0]LogShaderCompilers: Guid format shader working directory is -61 characters bigger than the processId version (C:/Users/LTK19/Documents/GitHub/Kingpin-2018/Kingpin 2018/Data/UnrealEngine4_Game_Kingpin_2018/Kingpin2018/Intermediate/Shaders/WorkingDirectory/16052/).
[2018.01.28-21.09.37:105][  0]LogShaderCompilers: Cleaned the shader compiler working directory 'C:/Users/LTK19/AppData/Local/Temp/UnrealShaderWorkingDir/2834635C41F780A70A254F82D1531E1E/'.
[2018.01.28-21.09.37:105][  0]LogShaderCompilers: Display: Using Local Shader Compiler.
[2018.01.28-21.09.38:053][  0]LogTemp: Display: Loaded TP AllDesktopTargetPlatform
[2018.01.28-21.09.38:108][  0]LogTemp: Display: Loaded TP MacClientTargetPlatform
[2018.01.28-21.09.38:149][  0]LogTemp: Display: Loaded TP MacNoEditorTargetPlatform
[2018.01.28-21.09.38:188][  0]LogTemp: Display: Loaded TP MacServerTargetPlatform
[2018.01.28-21.09.38:227][  0]LogTemp: Display: Loaded TP MacTargetPlatform
[2018.01.28-21.09.38:275][  0]LogTemp: Display: Loaded TP WindowsClientTargetPlatform
[2018.01.28-21.09.38:318][  0]LogTemp: Display: Loaded TP WindowsNoEditorTargetPlatform
[2018.01.28-21.09.38:363][  0]LogTemp: Display: Loaded TP WindowsServerTargetPlatform
[2018.01.28-21.09.38:400][  0]LogTemp: Display: Loaded TP WindowsTargetPlatform
[2018.01.28-21.09.38:440][  0]LogTemp: Display: Loaded TP AndroidTargetPlatform
[2018.01.28-21.09.38:494][  0]LogTemp: Display: Loaded TP Android_ASTCTargetPlatform
[2018.01.28-21.09.38:544][  0]LogTemp: Display: Loaded TP Android_ATCTargetPlatform
[2018.01.28-21.09.38:590][  0]LogTemp: Display: Loaded TP Android_DXTTargetPlatform
[2018.01.28-21.09.38:627][  0]LogTemp: Display: Loaded TP Android_ETC1TargetPlatform
[2018.01.28-21.09.38:666][  0]LogTemp: Display: Loaded TP Android_ETC2TargetPlatform
[2018.01.28-21.09.38:757][  0]LogTemp: Display: Loaded TP Android_MultiTargetPlatform
[2018.01.28-21.09.38:757][  0]LogTemp: Display: Loaded TP Android_PVRTCTargetPlatform
[2018.01.28-21.09.38:784][  0]LogTemp: Display: Loaded TP HTML5TargetPlatform
[2018.01.28-21.09.38:869][  0]LogTemp: Display: Loaded TP IOSTargetPlatform
[2018.01.28-21.09.38:893][  0]LogTemp: Display: Loaded TP TVOSTargetPlatform
[2018.01.28-21.09.38:934][  0]LogTemp: Display: Loaded TP LinuxClientTargetPlatform
[2018.01.28-21.09.38:977][  0]LogTemp: Display: Loaded TP LinuxNoEditorTargetPlatform
[2018.01.28-21.09.39:016][  0]LogTemp: Display: Loaded TP LinuxServerTargetPlatform
[2018.01.28-21.09.39:056][  0]LogTemp: Display: Loaded TP LinuxTargetPlatform
[2018.01.28-21.09.39:056][  0]LogTargetPlatformManager: Display: Building Assets For Windows
[2018.01.28-21.09.39:419][  0]LogDerivedDataCache: Display: Max Cache Size: 512 MB
[2018.01.28-21.09.39:517][  0]LogDerivedDataCache: Loaded boot cache 0.10s 93MB C:/Users/LTK19/AppData/Local/UnrealEngine/4.17/DerivedDataCache/Boot.ddc.
[2018.01.28-21.09.39:517][  0]LogDerivedDataCache: Display: Loaded Boot cache: C:/Users/LTK19/AppData/Local/UnrealEngine/4.17/DerivedDataCache/Boot.ddc
[2018.01.28-21.09.39:517][  0]LogDerivedDataCache: FDerivedDataBackendGraph:  Pak pak cache file C:/Users/LTK19/Documents/GitHub/Kingpin-2018/Kingpin 2018/Data/UnrealEngine4_Game_Kingpin_2018/Kingpin2018/DerivedDataCache/DDC.ddp not found, will not use a pak cache.
[2018.01.28-21.09.39:517][  0]LogDerivedDataCache: Unable to find inner node Pak for hierarchical cache Hierarchy.
[2018.01.28-21.09.39:517][  0]LogDerivedDataCache: FDerivedDataBackendGraph:  CompressedPak pak cache file C:/Users/LTK19/Documents/GitHub/Kingpin-2018/Kingpin 2018/Data/UnrealEngine4_Game_Kingpin_2018/Kingpin2018/DerivedDataCache/Compressed.ddp not found, will not use a pak cache.
[2018.01.28-21.09.39:517][  0]LogDerivedDataCache: Unable to find inner node CompressedPak for hierarchical cache Hierarchy.
[2018.01.28-21.09.39:533][  0]LogDerivedDataCache: Display: Pak cache opened for reading ../../../Engine/DerivedDataCache/Compressed.ddp.
[2018.01.28-21.09.39:545][  0]LogDerivedDataCache: Using Local data cache path C:/Users/LTK19/AppData/Local/UnrealEngine/Common/DerivedDataCache: Writable
[2018.01.28-21.09.39:555][  0]LogMaterial: Verifying Global Shaders for PCD3D_SM5
[2018.01.28-21.09.39:556][  0]LogSlate: Using Freetype 2.6.0
[2018.01.28-21.09.39:556][  0]LogSlate: SlateFontCache - WITH_FREETYPE: 1, WITH_HARFBUZZ: 1
[2018.01.28-21.09.39:556][  0]LogSlate: SlateFontCache - WITH_FREETYPE: 1, WITH_HARFBUZZ: 1
[2018.01.28-21.09.39:818][  0]LogAssetRegistry: FAssetRegistry took 0.0255 seconds to start up
[2018.01.28-21.09.39:933][  0]LogInit: Selected Device Profile: [Windows]
[2018.01.28-21.09.40:080][  0]LogContentStreaming: Texture pool size is 0.00 MB
[2018.01.28-21.09.40:345][  0]LogSimplygon: Simplygon DLL not present - disabling.
[2018.01.28-21.09.40:375][  0]LogMeshReduction: Using SimplygonSwarm for distributed automatic mesh merging
[2018.01.28-21.09.40:375][  0]LogMeshReduction: Using QuadricMeshReduction for automatic static mesh reduction
[2018.01.28-21.09.40:375][  0]LogMeshReduction: No automatic skeletal mesh reduction module available
[2018.01.28-21.09.40:375][  0]LogMeshReduction: No automatic mesh merging module available
[2018.01.28-21.09.40:375][  0]LogMeshMerging: No automatic mesh merging module available
[2018.01.28-21.09.40:718][  0]LogNetVersion: Kingpin2018 , NetCL: 3573198, EngineNetVer: 2, GameNetVer: 0 (Checksum: 2620436889)
[2018.01.28-21.09.40:903][  0]LogPackageLocalizationCache: Processed 5 localized package path(s) for 1 prioritized culture(s) in 0.035163 seconds
[2018.01.28-21.09.40:913][  0]LogUObjectArray: 35825 objects as part of root set at end of initial load.
[2018.01.28-21.09.40:913][  0]LogUObjectAllocator: 7529104 out of 0 bytes used by permanent object pool.
[2018.01.28-21.09.40:913][  0]LogUObjectArray: CloseDisregardForGC: 0/0 objects in disregard for GC pool
[2018.01.28-21.09.40:959][  0]LogInit: WinSock: version 1.1 (2.2), MaxSocks=32767, MaxUdp=65467
[2018.01.28-21.09.43:177][  0]LogTcpMessaging: Initializing TcpMessaging bridge
[2018.01.28-21.09.43:208][  0]LogUdpMessaging: Initializing bridge on interface 0.0.0.0:0 to multicast group 230.0.0.1:6666.
[2018.01.28-21.09.43:712][  0]LogMaterial: Uniform references updated for custom material expression Custom.
[2018.01.28-21.09.44:051][  0]SourceControl: Source control is disabled
[2018.01.28-21.09.44:051][  0]SourceControl: Source control is disabled
[2018.01.28-21.09.44:084][  0]SourceControl: Source control is disabled
[2018.01.28-21.09.44:118][  0]SourceControl: Source control is disabled
[2018.01.28-21.09.44:542][  0]LogAndroidPermission: UAndroidPermissionCallbackProxy::GetInstance
[2018.01.28-21.09.44:715][  0]LogOcInput: OculusInput pre-init called
[2018.01.28-21.09.44:928][  0]LogEngine: Initializing Engine...
[2018.01.28-21.09.44:929][  0]LogHMD: Failed to initialize OpenVR with code 110
[2018.01.28-21.09.45:176][  0]LogStats: UGameplayTagsManager::ConstructGameplayTagTree: Construct from data asset -  0.000 s
[2018.01.28-21.09.45:176][  0]LogStats: UGameplayTagsManager::ConstructGameplayTagTree: GameplayTagTreeChangedEvent.Broadcast -  0.000 s
[2018.01.28-21.09.45:285][  0]LogAIModule: Creating AISystem for world Untitled
[2018.01.28-21.09.45:296][  0]LogInit: XAudio2 using 'Luidsprekers (Realtek High Definition Audio)' : 2 channels at 44.1 kHz using 16 bits per sample (channel mask 0x3)
[2018.01.28-21.09.45:323][  0]LogInit: FAudioDevice initialized.
[2018.01.28-21.09.45:422][  0]LogDerivedDataCache: Saved boot cache 0.10s 93MB C:/Users/LTK19/AppData/Local/UnrealEngine/4.17/DerivedDataCache/Boot.ddc.
[2018.01.28-21.09.45:432][  0]LogInit: Texture streaming: Enabled
[2018.01.28-21.09.45:513][  0]LogEngineSessionManager: EngineSessionManager initialized
[2018.01.28-21.09.45:688][  0]LogInit: Transaction tracking system initialized
[2018.01.28-21.09.45:931][  0]BlueprintLog: New page: Editor Load
[2018.01.28-21.09.46:619][  0]LocalizationService: Localization service is disabled
[2018.01.28-21.09.47:024][  0]LogLinker: Warning: Can't find file '/Game/FirstPersonBP/FirstPersonOverview'
[2018.01.28-21.09.47:024][  0]LogLinker: Warning: Can't find file '/Game/FirstPersonBP/FirstPersonOverview'
[2018.01.28-21.09.47:024][  0]LogUObjectGlobals: Warning: Failed to find object 'Class /Game/FirstPersonBP/FirstPersonOverview.FirstPersonOverview_C'
[2018.01.28-21.09.47:173][  0]LogConsoleResponse: Display: 
[2018.01.28-21.09.47:334][  0]LogCook: Display: Max memory allowance for cook 16384mb min free memory 0mb
[2018.01.28-21.09.47:334][  0]LogCook: Display: Mobile HDR setting 1
[2018.01.28-21.09.47:334][  0]LogGameplayTags: Display: UGameplayTagsManager::DoneAddingNativeTags. DelegateIsBound: 0
[2018.01.28-21.09.48:124][  0]LogFileCache: Scanning file cache for directory 'C:/Users/LTK19/Documents/GitHub/Kingpin-2018/Kingpin 2018/Data/UnrealEngine4_Game_Kingpin_2018/Kingpin2018/Content/' took 0.01s
[2018.01.28-21.09.48:125][  0]SourceControl: Source control is disabled
[2018.01.28-21.09.48:125][  0]LogEditorServer: Warning: Can't find file 'C:/Users/LTK19/Documents/GitHub/Kingpin-2018/Kingpin 2018/Data/UnrealEngine4_Game_Kingpin_2018/Kingpin2018/Content/ThirdPersonBP/Maps/ThirdPersonExampleMap.umap'
[2018.01.28-21.09.48:125][  0]Cmd: MAP CHECKDEP NOCLEARLOG
[2018.01.28-21.09.48:159][  0]MapCheck: Map check complete: 0 Error(s), 0 Warning(s), took 33.764ms to complete.
[2018.01.28-21.09.48:159][  0]LogFileHelpers: Loading map 'ThirdPersonExampleMap' took 0.034
[2018.01.28-21.09.48:226][  0]LogWindowsTextInputMethodSystem: Display: IME system now deactivated.
[2018.01.28-21.09.48:226][  0]LogWindowsTextInputMethodSystem: Display: IME system now deactivated.
[2018.01.28-21.09.48:307][  0]LogCollectionManager: Loaded 0 collections in 0.000856 seconds
[2018.01.28-21.09.48:376][  0]LogFileCache: Scanning file cache for directory 'C:/Users/LTK19/Documents/GitHub/Kingpin-2018/Kingpin 2018/Data/UnrealEngine4_Game_Kingpin_2018/Kingpin2018/Saved/Collections/' took 0.01s
[2018.01.28-21.09.48:376][  0]LogFileCache: Scanning file cache for directory 'C:/Users/LTK19/Documents/GitHub/Kingpin-2018/Kingpin 2018/Data/UnrealEngine4_Game_Kingpin_2018/Kingpin2018/Content/Developers/LTK19/Collections/' took 0.01s
[2018.01.28-21.09.48:376][  0]LogFileCache: Scanning file cache for directory 'C:/Users/LTK19/Documents/GitHub/Kingpin-2018/Kingpin 2018/Data/UnrealEngine4_Game_Kingpin_2018/Kingpin2018/Content/Collections/' took 0.01s
[2018.01.28-21.09.48:376][  0]LogCollectionManager: Rebuilt the GUID cache for 0 collections in 0.000000 seconds
[2018.01.28-21.09.48:390][  0]LogContentBrowser: Native class hierarchy populated in 0.0134 seconds. Added 2386 classes and 500 folders.
[2018.01.28-21.09.48:440][  0]LogContentBrowser: Native class hierarchy updated for 'WidgetCarousel' in 0.0006 seconds. Added 0 classes and 0 folders.
[2018.01.28-21.09.48:476][  0]LogContentBrowser: Native class hierarchy updated for 'AddContentDialog' in 0.0007 seconds. Added 0 classes and 0 folders.
[2018.01.28-21.09.48:508][  0]LogContentBrowser: Native class hierarchy updated for 'SceneOutliner' in 0.0005 seconds. Added 1 classes and 2 folders.
[2018.01.28-21.09.48:533][  0]LogSlate: Took 0.000246 seconds to synchronously load lazily loaded font '../../../Engine/Content/Slate/Fonts/Roboto-Regular.ttf' (155K)
[2018.01.28-21.09.48:535][  0]LogSlate: Took 0.000241 seconds to synchronously load lazily loaded font '../../../Engine/Content/Slate/Fonts/Roboto-Bold.ttf' (160K)
[2018.01.28-21.09.48:545][  0]LogSlate: Took 0.000496 seconds to synchronously load lazily loaded font '../../../Engine/Content/Editor/Slate/Fonts/FontAwesome.ttf' (139K)
[2018.01.28-21.09.48:658][  0]LogRenderer: Reallocating scene render targets to support 1208x576 Format 10 NumSamples 1 (Frame:1).
[2018.01.28-21.09.48:882][  0]LogContentBrowser: Native class hierarchy updated for 'HierarchicalLODOutliner' in 0.0007 seconds. Added 1 classes and 2 folders.
[2018.01.28-21.09.48:882][  0]LogLoad: (Engine Initialization) Total time: 14.20 seconds
[2018.01.28-21.09.48:882][  0]LogLoad: (Engine Initialization) Total Blueprint compile time: 0.00 seconds
[2018.01.28-21.09.48:882][  0]LogExternalProfiler: No external profilers were discovered.  External profiling features will not be available.
[2018.01.28-21.09.48:922][  0]LogContentStreaming: Texture pool size now 1000 MB
[2018.01.28-21.09.48:953][  0]LogSlate: Took 0.000209 seconds to synchronously load lazily loaded font '../../../Engine/Content/Slate/Fonts/Roboto-Light.ttf' (159K)
[2018.01.28-21.09.48:966][  1]LogAssetRegistry: Asset discovery search completed in 9.1698 seconds
[2018.01.28-21.09.48:968][  1]LogCollectionManager: Rebuilt the object cache for 0 collections in 0.000001 seconds (found 0 objects)
[2018.01.28-21.09.48:968][  1]LogCollectionManager: Fixed up redirectors for 0 collections in 0.000060 seconds (updated 0 objects)
[2018.01.28-21.10.17:456][670]Cmd: SELECT NONE
[2018.01.28-21.10.18:144][710]Cmd: SELECT NONE
[2018.01.28-21.10.18:394][725]Cmd: SELECT NONE
[2018.01.28-21.10.18:612][738]Cmd: SELECT NONE
[2018.01.28-21.10.18:818][750]Cmd: SELECT NONE
[2018.01.28-21.10.19:017][762]Cmd: SELECT NONE
[2018.01.28-21.10.19:268][777]Cmd: SELECT NONE
[2018.01.28-21.10.19:467][789]Cmd: SELECT NONE
[2018.01.28-21.10.19:718][804]Cmd: SELECT NONE
[2018.01.28-21.10.19:935][817]Cmd: SELECT NONE
[2018.01.28-21.10.20:150][830]Cmd: SELECT NONE
[2018.01.28-21.11.04:753][852]Cmd: MAP LOAD FILE="../../../Engine/Content/Maps/Templates/Template_Default.umap" TEMPLATE=1 SHOWPROGRESS=1 FEATURELEVEL=3
[2018.01.28-21.11.04:757][852]LogSlate: Took 0.000191 seconds to synchronously load lazily loaded font '../../../Engine/Content/Slate/Fonts/Roboto-Light.ttf' (159K)
[2018.01.28-21.11.04:769][852]LightingResults: New page: Lighting Build
[2018.01.28-21.11.04:800][852]LogContentBrowser: Native class hierarchy updated for 'StatsViewer' in 0.0005 seconds. Added 5 classes and 0 folders.
[2018.01.28-21.11.04:801][852]LoadErrors: New page: Loading map: Template_Default.umap
[2018.01.28-21.11.04:801][852]MapCheck: New page: Map Check
[2018.01.28-21.11.04:801][852]LightingResults: New page: Lighting Build
[2018.01.28-21.11.04:981][852]LogAIModule: Creating AISystem for world Untitled_1
[2018.01.28-21.11.04:992][852]LogEditorServer: Finished looking for orphan Actors (0.000 secs)
[2018.01.28-21.11.05:014][852]Cmd: MAP CHECKDEP NOCLEARLOG
[2018.01.28-21.11.05:053][852]MapCheck: Map check complete: 0 Error(s), 0 Warning(s), took 38.311ms to complete.
[2018.01.28-21.11.05:053][852]LogFileHelpers: Loading map 'Template_Default' took 0.300
[2018.01.28-21.11.08:285][ 44]LogEditorViewport: Clicking on Actor (LMB): StaticMeshActor (Floor)
[2018.01.28-21.11.15:696][406]LogTexture: Display: Building textures: Texture2D_2 (G8, 128X128)
[2018.01.28-21.11.33:988][473]LogSlate: Took 0.000171 seconds to synchronously load lazily loaded font '../../../Engine/Content/Slate/Fonts/Roboto-Light.ttf' (159K)
[2018.01.28-21.12.26:317][411]LogTexture: Display: Building textures: Texture2D_0 (BGRA8, 512X512)
[2018.01.28-21.12.26:344][411]LogTexture: Display: Building textures: Texture2D_1 (BGRA8, 512X512)
[2018.01.28-21.12.26:361][411]LogTexture: Display: Building textures: Texture2D_2 (BGRA8, 512X512)
[2018.01.28-21.12.26:375][411]LogTexture: Display: Building textures: Texture2D_3 (BGRA8, 512X512)
[2018.01.28-21.12.26:392][411]LogTexture: Display: Building textures: Texture2D_4 (BGRA8, 512X512)
[2018.01.28-21.12.26:407][411]LogTexture: Display: Building textures: Texture2D_5 (BGRA8, 512X512)
[2018.01.28-21.12.26:423][411]LogTexture: Display: Building textures: Texture2D_6 (BGRA8, 512X512)
[2018.01.28-21.12.26:438][411]LogTexture: Display: Building textures: Texture2D_7 (BGRA8, 512X512)
[2018.01.28-21.12.26:456][411]LogTexture: Display: Building textures: Texture2D_8 (BGRA8, 512X512)
[2018.01.28-21.12.26:471][411]LogTexture: Display: Building textures: Texture2D_9 (BGRA8, 512X512)
[2018.01.28-21.12.26:487][411]LogTexture: Display: Building textures: Texture2D_10 (BGRA8, 512X512)
[2018.01.28-21.12.26:503][411]LogTexture: Display: Building textures: Texture2D_11 (BGRA8, 512X512)
[2018.01.28-21.12.26:519][411]LogTexture: Display: Building textures: Texture2D_12 (BGRA8, 512X512)
[2018.01.28-21.12.26:535][411]LogTexture: Display: Building textures: Texture2D_13 (BGRA8, 512X512)
[2018.01.28-21.12.26:548][411]LogTexture: Display: Building textures: Texture2D_14 (BGRA8, 512X512)
[2018.01.28-21.12.26:564][411]LogTexture: Display: Building textures: Texture2D_15 (BGRA8, 512X512)
[2018.01.28-21.12.26:579][411]LogTexture: Display: Building textures: Texture2D_16 (BGRA8, 512X512)
[2018.01.28-21.12.26:594][411]LogTexture: Display: Building textures: Texture2D_17 (BGRA8, 512X512)
[2018.01.28-21.12.26:608][411]LogTexture: Display: Building textures: Texture2D_18 (BGRA8, 512X512)
[2018.01.28-21.12.26:624][411]LogTexture: Display: Building textures: Texture2D_19 (BGRA8, 512X512)
[2018.01.28-21.12.26:638][411]LogTexture: Display: Building textures: Texture2D_20 (BGRA8, 512X512)
[2018.01.28-21.12.26:654][411]LogTexture: Display: Building textures: Texture2D_21 (BGRA8, 512X512)
[2018.01.28-21.12.26:669][411]LogTexture: Display: Building textures: Texture2D_22 (BGRA8, 512X512)
[2018.01.28-21.12.26:684][411]LogTexture: Display: Building textures: Texture2D_23 (BGRA8, 512X512)
[2018.01.28-21.12.26:700][411]LogTexture: Display: Building textures: Texture2D_24 (BGRA8, 512X512)
[2018.01.28-21.12.26:716][411]LogTexture: Display: Building textures: Texture2D_25 (BGRA8, 512X512)
[2018.01.28-21.12.26:734][411]LogTexture: Display: Building textures: Texture2D_26 (BGRA8, 512X512)
[2018.01.28-21.12.26:748][411]LogTexture: Display: Building textures: Texture2D_27 (BGRA8, 512X512)
[2018.01.28-21.12.26:764][411]LogTexture: Display: Building textures: Texture2D_28 (BGRA8, 512X512)
[2018.01.28-21.12.26:777][411]LogTexture: Display: Building textures: Texture2D_29 (BGRA8, 512X512)
[2018.01.28-21.12.26:793][411]LogTexture: Display: Building textures: Texture2D_30 (BGRA8, 512X512)
[2018.01.28-21.12.26:808][411]LogTexture: Display: Building textures: Texture2D_31 (BGRA8, 512X512)
[2018.01.28-21.12.26:824][411]LogTexture: Display: Building textures: Texture2D_32 (BGRA8, 512X512)
[2018.01.28-21.12.26:841][411]LogTexture: Display: Building textures: Texture2D_33 (BGRA8, 512X512)
[2018.01.28-21.12.26:857][411]LogTexture: Display: Building textures: Texture2D_34 (BGRA8, 512X512)
[2018.01.28-21.12.26:872][411]LogTexture: Display: Building textures: Texture2D_35 (BGRA8, 512X512)
[2018.01.28-21.12.26:888][411]LogTexture: Display: Building textures: Texture2D_36 (BGRA8, 512X512)
[2018.01.28-21.12.26:903][411]LogTexture: Display: Building textures: Texture2D_37 (BGRA8, 512X512)
[2018.01.28-21.12.26:918][411]LogTexture: Display: Building textures: Texture2D_38 (BGRA8, 512X512)
[2018.01.28-21.12.26:933][411]LogTexture: Display: Building textures: Texture2D_39 (BGRA8, 512X512)
[2018.01.28-21.12.26:949][411]LogTexture: Display: Building textures: Texture2D_40 (BGRA8, 512X512)
[2018.01.28-21.12.26:964][411]LogTexture: Display: Building textures: Texture2D_41 (BGRA8, 512X512)
[2018.01.28-21.12.26:979][411]LogTexture: Display: Building textures: Texture2D_42 (BGRA8, 512X512)
[2018.01.28-21.12.26:995][411]LogTexture: Display: Building textures: Texture2D_43 (BGRA8, 512X512)
[2018.01.28-21.12.27:009][411]LogTexture: Display: Building textures: Texture2D_44 (BGRA8, 512X512)
[2018.01.28-21.12.27:026][411]LogTexture: Display: Building textures: Texture2D_45 (BGRA8, 512X512)
[2018.01.28-21.12.27:041][411]LogTexture: Display: Building textures: Texture2D_46 (BGRA8, 512X512)
[2018.01.28-21.12.27:056][411]LogTexture: Display: Building textures: Texture2D_47 (BGRA8, 512X512)
[2018.01.28-21.12.27:073][411]LogTexture: Display: Building textures: Texture2D_48 (BGRA8, 512X512)
[2018.01.28-21.12.27:088][411]LogTexture: Display: Building textures: Texture2D_49 (BGRA8, 512X512)
[2018.01.28-21.12.27:104][411]LogTexture: Display: Building textures: Texture2D_50 (BGRA8, 512X512)
[2018.01.28-21.12.27:120][411]LogTexture: Display: Building textures: Texture2D_51 (BGRA8, 512X512)
[2018.01.28-21.12.27:136][411]LogTexture: Display: Building textures: Texture2D_52 (BGRA8, 512X512)
[2018.01.28-21.12.27:152][411]LogTexture: Display: Building textures: Texture2D_53 (BGRA8, 512X512)
[2018.01.28-21.12.27:167][411]LogTexture: Display: Building textures: Texture2D_54 (BGRA8, 512X512)
[2018.01.28-21.12.27:182][411]LogTexture: Display: Building textures: Texture2D_55 (BGRA8, 512X512)
[2018.01.28-21.12.27:196][411]LogTexture: Display: Building textures: Texture2D_56 (BGRA8, 512X512)
[2018.01.28-21.12.27:212][411]LogTexture: Display: Building textures: Texture2D_57 (BGRA8, 512X512)
[2018.01.28-21.12.27:226][411]LogTexture: Display: Building textures: Texture2D_58 (BGRA8, 512X512)
[2018.01.28-21.12.27:241][411]LogTexture: Display: Building textures: Texture2D_59 (BGRA8, 512X512)
[2018.01.28-21.12.27:258][411]LogTexture: Display: Building textures: Texture2D_60 (BGRA8, 512X512)
[2018.01.28-21.12.27:273][411]LogTexture: Display: Building textures: Texture2D_61 (BGRA8, 512X512)
[2018.01.28-21.12.27:288][411]LogTexture: Display: Building textures: Texture2D_62 (BGRA8, 512X512)
[2018.01.28-21.12.27:302][411]LogTexture: Display: Building textures: Texture2D_63 (BGRA8, 512X512)
[2018.01.28-21.12.27:317][411]LogMaterial: Missing cached shader map for material WorldGridMaterial, compiling. Is special engine material.
[2018.01.28-21.13.09:637][839]Cmd: SELECT NONE
[2018.01.28-21.13.41:218][702]LogTexture: Display: Building textures: Texture2D_64 (BGRA8, 128X128)
[2018.01.28-21.13.41:264][702]LogTexture: Display: Building textures: Texture2D_65 (BGRA8, 128X128)
[2018.01.28-21.13.44:791][878]LogTexture: Display: Building textures: Texture2D_66 (BGRA8, 128X128)
[2018.01.28-21.13.45:066][882]LogTexture: Display: Building textures: Texture2D_67 (BGRA8, 128X128)
[2018.01.28-21.13.46:187][932]LogTexture: Display: Building textures: Texture2D_68 (BGRA8, 128X128)
[2018.01.28-21.13.46:228][932]LogTexture: Display: Building textures: Texture2D_69 (BGRA8, 128X128)
[2018.01.28-21.13.57:968][386]Cmd: SELECT NONE
[2018.01.28-21.14.04:440][626]Cmd: SELECT NONE
[2018.01.28-21.14.04:666][639]Cmd: SELECT NONE
[2018.01.28-21.14.04:858][650]Cmd: SELECT NONE
[2018.01.28-21.14.05:042][660]Cmd: SELECT NONE
[2018.01.28-21.14.05:190][668]Cmd: SELECT NONE
[2018.01.28-21.14.05:383][679]Cmd: SELECT NONE
[2018.01.28-21.14.05:549][688]Cmd: SELECT NONE
[2018.01.28-21.14.05:711][697]Cmd: SELECT NONE
[2018.01.28-21.14.07:454][801]LogEditorViewport: Clicking on Actor (context menu): Landscape (Landscape)
[2018.01.28-21.14.41:612][666]LogEditorViewport: Clicking on Actor (context menu): Landscape (Landscape)
[2018.01.28-21.17.06:366][407]Cmd: MAP LOAD FILE="../../../Engine/Content/Maps/Templates/Template_Default.umap" TEMPLATE=1 SHOWPROGRESS=1 FEATURELEVEL=3
[2018.01.28-21.17.06:374][407]LightingResults: New page: Lighting Build
[2018.01.28-21.17.06:379][407]LoadErrors: New page: Loading map: Template_Default.umap
[2018.01.28-21.17.06:388][407]MapCheck: New page: Map Check
[2018.01.28-21.17.06:388][407]LightingResults: New page: Lighting Build
[2018.01.28-21.17.06:530][407]LogAIModule: Creating AISystem for world Untitled_2
[2018.01.28-21.17.06:535][407]LogEditorServer: Finished looking for orphan Actors (0.000 secs)
[2018.01.28-21.17.06:554][407]Cmd: MAP CHECKDEP NOCLEARLOG
[2018.01.28-21.17.06:597][407]MapCheck: Map check complete: 0 Error(s), 0 Warning(s), took 42.868ms to complete.
[2018.01.28-21.17.06:597][407]LogFileHelpers: Loading map 'Template_Default' took 0.231
[2018.01.28-21.17.15:839][939]LogContentBrowser: Native class hierarchy updated for 'BlueprintGraph' in 0.0009 seconds. Added 113 classes and 0 folders.
[2018.01.28-21.17.16:441][939]LogSlate: Took 0.000131 seconds to synchronously load lazily loaded font '../../../Engine/Content/Slate/Fonts/Roboto-Regular.ttf' (155K)
[2018.01.28-21.17.25:083][444]LogAIModule: Creating AISystem for world ThirdPersonExampleMap
[2018.01.28-21.17.25:109][444]LightingResults: New page: Lighting Build
[2018.01.28-21.17.25:110][444]LoadErrors: New page: Loading map: ThirdPersonExampleMap.umap
[2018.01.28-21.17.25:111][444]MapCheck: New page: Map Check
[2018.01.28-21.17.25:111][444]LightingResults: New page: Lighting Build
[2018.01.28-21.17.25:131][444]LogEditorServer: Finished looking for orphan Actors (0.000 secs)
[2018.01.28-21.17.25:236][444]Cmd: MAP CHECKDEP NOCLEARLOG
[2018.01.28-21.17.25:280][444]MapCheck: Map check complete: 0 Error(s), 0 Warning(s), took 43.663ms to complete.
[2018.01.28-21.17.25:280][444]LogFileHelpers: Loading map 'ThirdPersonExampleMap' took 0.172
[2018.01.28-21.17.27:605][582]LogTemp: Repeating last play command: Selected Viewport
[2018.01.28-21.17.27:659][582]LogBlueprintUserMessages: Early PlayInEditor Detection: Level '/Game/kingpin2018/ThirdPersonBP/Maps/ThirdPersonExampleMap.ThirdPersonExampleMap:PersistentLevel' has LevelScriptBlueprint '/Game/kingpin2018/ThirdPersonBP/Maps/ThirdPersonExampleMap.ThirdPersonExampleMap:PersistentLevel.ThirdPersonExampleMap' with GeneratedClass '/Game/kingpin2018/ThirdPersonBP/Maps/ThirdPersonExampleMap.ThirdPersonExampleMap_C' with ClassGeneratedBy '/Game/kingpin2018/ThirdPersonBP/Maps/ThirdPersonExampleMap.ThirdPersonExampleMap:PersistentLevel.ThirdPersonExampleMap'
[2018.01.28-21.17.27:659][582]LogPlayLevel: PlayLevel: No blueprints needed recompiling
[2018.01.28-21.17.27:659][582]PIE: New page: PIE session: ThirdPersonExampleMap (Jan 28, 2018, 11:17:27 PM)
[2018.01.28-21.17.27:659][582]LogPlayLevel: Creating play world package: /Game/kingpin2018/ThirdPersonBP/Maps/UEDPIE_0_ThirdPersonExampleMap
[2018.01.28-21.17.27:676][582]LogPlayLevel: PIE: StaticDuplicateObject took: (0.016802s)
[2018.01.28-21.17.27:677][582]LogAIModule: Creating AISystem for world ThirdPersonExampleMap
[2018.01.28-21.17.27:678][582]LogPlayLevel: PIE: World Init took: (0.001490s)
[2018.01.28-21.17.27:678][582]LogPlayLevel: PIE: Created PIE world by copying editor world from /Game/kingpin2018/ThirdPersonBP/Maps/ThirdPersonExampleMap.ThirdPersonExampleMap to /Game/kingpin2018/ThirdPersonBP/Maps/UEDPIE_0_ThirdPersonExampleMap.ThirdPersonExampleMap (0.018793s)
[2018.01.28-21.17.27:696][582]LogInit: XAudio2 using 'Luidsprekers (Realtek High Definition Audio)' : 2 channels at 44.1 kHz using 16 bits per sample (channel mask 0x3)
[2018.01.28-21.17.27:716][582]LogInit: FAudioDevice initialized.
[2018.01.28-21.17.27:763][582]LogLinker: Warning: Can't find file '/Game/ThirdPersonBP/Blueprints/ThirdPersonGameMode'
[2018.01.28-21.17.27:763][582]LogLinker: Warning: Can't find file '/Game/ThirdPersonBP/Blueprints/ThirdPersonGameMode'
[2018.01.28-21.17.27:763][582]LogUObjectGlobals: Warning: Failed to find object 'Class /Game/ThirdPersonBP/Blueprints/ThirdPersonGameMode.ThirdPersonGameMode_C'
[2018.01.28-21.17.27:763][582]LogLoad: Game class is 'GameModeBase'
[2018.01.28-21.17.27:766][582]LogWorld: Bringing World /Game/kingpin2018/ThirdPersonBP/Maps/UEDPIE_0_ThirdPersonExampleMap.ThirdPersonExampleMap up for play (max tick rate 60) at 2018.01.28-22.17.27
[2018.01.28-21.17.27:767][582]LogWorld: Bringing up level for play took: 0.001931
[2018.01.28-21.17.27:807][582]LogContentBrowser: Native class hierarchy updated for 'MovieSceneCapture' in 0.0011 seconds. Added 11 classes and 0 folders.
[2018.01.28-21.17.27:810][582]PIE: Play in editor start time for /Game/kingpin2018/ThirdPersonBP/Maps/UEDPIE_0_ThirdPersonExampleMap -0.17
[2018.01.28-21.17.27:811][582]LogBlueprintUserMessages: Late PlayInEditor Detection: Level '/Game/kingpin2018/ThirdPersonBP/Maps/ThirdPersonExampleMap.ThirdPersonExampleMap:PersistentLevel' has LevelScriptBlueprint '/Game/kingpin2018/ThirdPersonBP/Maps/ThirdPersonExampleMap.ThirdPersonExampleMap:PersistentLevel.ThirdPersonExampleMap' with GeneratedClass '/Game/kingpin2018/ThirdPersonBP/Maps/ThirdPersonExampleMap.ThirdPersonExampleMap_C' with ClassGeneratedBy '/Game/kingpin2018/ThirdPersonBP/Maps/ThirdPersonExampleMap.ThirdPersonExampleMap:PersistentLevel.ThirdPersonExampleMap'
[2018.01.28-21.17.30:756][740]LogBlueprintUserMessages: Early EndPlayMap Detection: Level '/Game/kingpin2018/ThirdPersonBP/Maps/ThirdPersonExampleMap.ThirdPersonExampleMap:PersistentLevel' has LevelScriptBlueprint '/Game/kingpin2018/ThirdPersonBP/Maps/ThirdPersonExampleMap.ThirdPersonExampleMap:PersistentLevel.ThirdPersonExampleMap' with GeneratedClass '/Game/kingpin2018/ThirdPersonBP/Maps/ThirdPersonExampleMap.ThirdPersonExampleMap_C' with ClassGeneratedBy '/Game/kingpin2018/ThirdPersonBP/Maps/ThirdPersonExampleMap.ThirdPersonExampleMap:PersistentLevel.ThirdPersonExampleMap'
[2018.01.28-21.17.30:788][740]LogBlueprintUserMessages: Late EndPlayMap Detection: Level '/Game/kingpin2018/ThirdPersonBP/Maps/ThirdPersonExampleMap.ThirdPersonExampleMap:PersistentLevel' has LevelScriptBlueprint '/Game/kingpin2018/ThirdPersonBP/Maps/ThirdPersonExampleMap.ThirdPersonExampleMap:PersistentLevel.ThirdPersonExampleMap' with GeneratedClass '/Game/kingpin2018/ThirdPersonBP/Maps/ThirdPersonExampleMap.ThirdPersonExampleMap_C' with ClassGeneratedBy '/Game/kingpin2018/ThirdPersonBP/Maps/ThirdPersonExampleMap.ThirdPersonExampleMap:PersistentLevel.ThirdPersonExampleMap'
[2018.01.28-21.17.39:753][275]LogEditorViewport: Clicking on Actor (LMB): PlayerStart (NetworkPlayerStart)
[2018.01.28-21.17.48:528][776]LogSlate: Took 0.000171 seconds to synchronously load lazily loaded font '../../../Engine/Content/Editor/Slate/Fonts/Roboto-BoldCondensed.ttf' (158K)
[2018.01.28-21.17.48:723][777]LogSlate: Took 0.000261 seconds to synchronously load lazily loaded font '../../../Engine/Content/Editor/Slate/Fonts/Roboto-Italic.ttf' (157K)
[2018.01.28-21.18.05:870][639]LogEditorViewport: Clicking on Actor (LMB): ThirdPersonCharacter_C (ThirdPersonCharacter)
[2018.01.28-21.18.06:516][677]LogEditorViewport: Clicking on Actor (LMB): ThirdPersonCharacter_C (ThirdPersonCharacter)
[2018.01.28-21.18.06:711][688]LogEditorViewport: Clicking on Actor (LMB): ThirdPersonCharacter_C (ThirdPersonCharacter)
[2018.01.28-21.18.09:827][874]LogEditorViewport: Clicking on Actor (LMB): StaticMeshActor (Floor)
[2018.01.28-21.18.10:253][894]LogEditorViewport: Clicking on Actor (LMB): PlayerStart (NetworkPlayerStart)
[2018.01.28-21.18.11:076][941]Cmd: DELETE
[2018.01.28-21.18.11:076][941]Cmd: ACTOR DELETE
[2018.01.28-21.18.11:079][941]LogEditorActor: Deleted Actor: PlayerStart
[2018.01.28-21.18.11:098][941]LogEditorActor: Deleted 1 Actors (0.022 secs)
[2018.01.28-21.18.12:362][ 17]LogTemp: Repeating last play command: Selected Viewport
[2018.01.28-21.18.12:387][ 17]LogBlueprintUserMessages: Early PlayInEditor Detection: Level '/Game/kingpin2018/ThirdPersonBP/Maps/ThirdPersonExampleMap.ThirdPersonExampleMap:PersistentLevel' has LevelScriptBlueprint '/Game/kingpin2018/ThirdPersonBP/Maps/ThirdPersonExampleMap.ThirdPersonExampleMap:PersistentLevel.ThirdPersonExampleMap' with GeneratedClass '/Game/kingpin2018/ThirdPersonBP/Maps/ThirdPersonExampleMap.ThirdPersonExampleMap_C' with ClassGeneratedBy '/Game/kingpin2018/ThirdPersonBP/Maps/ThirdPersonExampleMap.ThirdPersonExampleMap:PersistentLevel.ThirdPersonExampleMap'
[2018.01.28-21.18.12:387][ 17]LogPlayLevel: PlayLevel: No blueprints needed recompiling
[2018.01.28-21.18.12:388][ 17]PIE: New page: PIE session: ThirdPersonExampleMap (Jan 28, 2018, 11:18:12 PM)
[2018.01.28-21.18.12:388][ 17]LogPlayLevel: Creating play world package: /Game/kingpin2018/ThirdPersonBP/Maps/UEDPIE_0_ThirdPersonExampleMap
[2018.01.28-21.18.12:404][ 17]LogPlayLevel: PIE: StaticDuplicateObject took: (0.016618s)
[2018.01.28-21.18.12:405][ 17]LogAIModule: Creating AISystem for world ThirdPersonExampleMap
[2018.01.28-21.18.12:406][ 17]LogPlayLevel: PIE: World Init took: (0.001196s)
[2018.01.28-21.18.12:406][ 17]LogPlayLevel: PIE: Created PIE world by copying editor world from /Game/kingpin2018/ThirdPersonBP/Maps/ThirdPersonExampleMap.ThirdPersonExampleMap to /Game/kingpin2018/ThirdPersonBP/Maps/UEDPIE_0_ThirdPersonExampleMap.ThirdPersonExampleMap (0.018233s)
[2018.01.28-21.18.12:425][ 17]LogInit: XAudio2 using 'Luidsprekers (Realtek High Definition Audio)' : 2 channels at 44.1 kHz using 16 bits per sample (channel mask 0x3)
[2018.01.28-21.18.12:446][ 17]LogInit: FAudioDevice initialized.
[2018.01.28-21.18.12:478][ 17]LogLoad: Game class is 'GameModeBase'
[2018.01.28-21.18.12:480][ 17]LogWorld: Bringing World /Game/kingpin2018/ThirdPersonBP/Maps/UEDPIE_0_ThirdPersonExampleMap.ThirdPersonExampleMap up for play (max tick rate 60) at 2018.01.28-22.18.12
[2018.01.28-21.18.12:480][ 17]LogWorld: Bringing up level for play took: 0.001779
[2018.01.28-21.18.12:482][ 17]PIE: Play in editor start time for /Game/kingpin2018/ThirdPersonBP/Maps/UEDPIE_0_ThirdPersonExampleMap 0.502
[2018.01.28-21.18.12:482][ 17]LogBlueprintUserMessages: Late PlayInEditor Detection: Level '/Game/kingpin2018/ThirdPersonBP/Maps/ThirdPersonExampleMap.ThirdPersonExampleMap:PersistentLevel' has LevelScriptBlueprint '/Game/kingpin2018/ThirdPersonBP/Maps/ThirdPersonExampleMap.ThirdPersonExampleMap:PersistentLevel.ThirdPersonExampleMap' with GeneratedClass '/Game/kingpin2018/ThirdPersonBP/Maps/ThirdPersonExampleMap.ThirdPersonExampleMap_C' with ClassGeneratedBy '/Game/kingpin2018/ThirdPersonBP/Maps/ThirdPersonExampleMap.ThirdPersonExampleMap:PersistentLevel.ThirdPersonExampleMap'
[2018.01.28-21.18.14:996][166]LogBlueprintUserMessages: Early EndPlayMap Detection: Level '/Game/kingpin2018/ThirdPersonBP/Maps/ThirdPersonExampleMap.ThirdPersonExampleMap:PersistentLevel' has LevelScriptBlueprint '/Game/kingpin2018/ThirdPersonBP/Maps/ThirdPersonExampleMap.ThirdPersonExampleMap:PersistentLevel.ThirdPersonExampleMap' with GeneratedClass '/Game/kingpin2018/ThirdPersonBP/Maps/ThirdPersonExampleMap.ThirdPersonExampleMap_C' with ClassGeneratedBy '/Game/kingpin2018/ThirdPersonBP/Maps/ThirdPersonExampleMap.ThirdPersonExampleMap:PersistentLevel.ThirdPersonExampleMap'
[2018.01.28-21.18.15:032][166]LogBlueprintUserMessages: Late EndPlayMap Detection: Level '/Game/kingpin2018/ThirdPersonBP/Maps/ThirdPersonExampleMap.ThirdPersonExampleMap:PersistentLevel' has LevelScriptBlueprint '/Game/kingpin2018/ThirdPersonBP/Maps/ThirdPersonExampleMap.ThirdPersonExampleMap:PersistentLevel.ThirdPersonExampleMap' with GeneratedClass '/Game/kingpin2018/ThirdPersonBP/Maps/ThirdPersonExampleMap.ThirdPersonExampleMap_C' with ClassGeneratedBy '/Game/kingpin2018/ThirdPersonBP/Maps/ThirdPersonExampleMap.ThirdPersonExampleMap:PersistentLevel.ThirdPersonExampleMap'
[2018.01.28-21.18.19:794][444]LogEditorViewport: Clicking on Actor (LMB): ThirdPersonCharacter_C (ThirdPersonCharacter)
[2018.01.28-21.19.43:769][442]LogEditorViewport: Clicking on Actor (LMB): ThirdPersonCharacter_C (ThirdPersonCharacter)
[2018.01.28-21.19.44:033][457]LogEditorViewport: Clicking on Actor (LMB): ThirdPersonCharacter_C (ThirdPersonCharacter)
[2018.01.28-21.19.44:065][458]LogEditorViewport: Clicking on Component (LMB): CameraComponent (Camera)
[2018.01.28-21.20.18:976][549]LogTemp: Repeating last play command: Selected Viewport
[2018.01.28-21.20.19:002][549]LogBlueprintUserMessages: Early PlayInEditor Detection: Level '/Game/kingpin2018/ThirdPersonBP/Maps/ThirdPersonExampleMap.ThirdPersonExampleMap:PersistentLevel' has LevelScriptBlueprint '/Game/kingpin2018/ThirdPersonBP/Maps/ThirdPersonExampleMap.ThirdPersonExampleMap:PersistentLevel.ThirdPersonExampleMap' with GeneratedClass '/Game/kingpin2018/ThirdPersonBP/Maps/ThirdPersonExampleMap.ThirdPersonExampleMap_C' with ClassGeneratedBy '/Game/kingpin2018/ThirdPersonBP/Maps/ThirdPersonExampleMap.ThirdPersonExampleMap:PersistentLevel.ThirdPersonExampleMap'
[2018.01.28-21.20.19:002][549]LogPlayLevel: PlayLevel: No blueprints needed recompiling
[2018.01.28-21.20.19:002][549]PIE: New page: PIE session: ThirdPersonExampleMap (Jan 28, 2018, 11:20:19 PM)
[2018.01.28-21.20.19:003][549]LogPlayLevel: Creating play world package: /Game/kingpin2018/ThirdPersonBP/Maps/UEDPIE_0_ThirdPersonExampleMap
[2018.01.28-21.20.19:020][549]LogPlayLevel: PIE: StaticDuplicateObject took: (0.017160s)
[2018.01.28-21.20.19:021][549]LogAIModule: Creating AISystem for world ThirdPersonExampleMap
[2018.01.28-21.20.19:021][549]LogPlayLevel: PIE: World Init took: (0.001246s)
[2018.01.28-21.20.19:021][549]LogPlayLevel: PIE: Created PIE world by copying editor world from /Game/kingpin2018/ThirdPersonBP/Maps/ThirdPersonExampleMap.ThirdPersonExampleMap to /Game/kingpin2018/ThirdPersonBP/Maps/UEDPIE_0_ThirdPersonExampleMap.ThirdPersonExampleMap (0.018929s)
[2018.01.28-21.20.19:068][549]LogInit: XAudio2 using 'Luidsprekers (Realtek High Definition Audio)' : 2 channels at 44.1 kHz using 16 bits per sample (channel mask 0x3)
[2018.01.28-21.20.19:088][549]LogInit: FAudioDevice initialized.
[2018.01.28-21.20.19:125][549]LogLoad: Game class is 'GameModeBase'
[2018.01.28-21.20.19:131][549]LogWorld: Bringing World /Game/kingpin2018/ThirdPersonBP/Maps/UEDPIE_0_ThirdPersonExampleMap.ThirdPersonExampleMap up for play (max tick rate 60) at 2018.01.28-22.20.19
[2018.01.28-21.20.19:132][549]LogWorld: Bringing up level for play took: 0.004757
[2018.01.28-21.20.19:136][549]PIE: Play in editor start time for /Game/kingpin2018/ThirdPersonBP/Maps/UEDPIE_0_ThirdPersonExampleMap -0.844
[2018.01.28-21.20.19:136][549]LogBlueprintUserMessages: Late PlayInEditor Detection: Level '/Game/kingpin2018/ThirdPersonBP/Maps/ThirdPersonExampleMap.ThirdPersonExampleMap:PersistentLevel' has LevelScriptBlueprint '/Game/kingpin2018/ThirdPersonBP/Maps/ThirdPersonExampleMap.ThirdPersonExampleMap:PersistentLevel.ThirdPersonExampleMap' with GeneratedClass '/Game/kingpin2018/ThirdPersonBP/Maps/ThirdPersonExampleMap.ThirdPersonExampleMap_C' with ClassGeneratedBy '/Game/kingpin2018/ThirdPersonBP/Maps/ThirdPersonExampleMap.ThirdPersonExampleMap:PersistentLevel.ThirdPersonExampleMap'
[2018.01.28-21.20.26:210][971]LogBlueprintUserMessages: Early EndPlayMap Detection: Level '/Game/kingpin2018/ThirdPersonBP/Maps/ThirdPersonExampleMap.ThirdPersonExampleMap:PersistentLevel' has LevelScriptBlueprint '/Game/kingpin2018/ThirdPersonBP/Maps/ThirdPersonExampleMap.ThirdPersonExampleMap:PersistentLevel.ThirdPersonExampleMap' with GeneratedClass '/Game/kingpin2018/ThirdPersonBP/Maps/ThirdPersonExampleMap.ThirdPersonExampleMap_C' with ClassGeneratedBy '/Game/kingpin2018/ThirdPersonBP/Maps/ThirdPersonExampleMap.ThirdPersonExampleMap:PersistentLevel.ThirdPersonExampleMap'
[2018.01.28-21.20.26:299][971]LogBlueprintUserMessages: Late EndPlayMap Detection: Level '/Game/kingpin2018/ThirdPersonBP/Maps/ThirdPersonExampleMap.ThirdPersonExampleMap:PersistentLevel' has LevelScriptBlueprint '/Game/kingpin2018/ThirdPersonBP/Maps/ThirdPersonExampleMap.ThirdPersonExampleMap:PersistentLevel.ThirdPersonExampleMap' with GeneratedClass '/Game/kingpin2018/ThirdPersonBP/Maps/ThirdPersonExampleMap.ThirdPersonExampleMap_C' with ClassGeneratedBy '/Game/kingpin2018/ThirdPersonBP/Maps/ThirdPersonExampleMap.ThirdPersonExampleMap:PersistentLevel.ThirdPersonExampleMap'
[2018.01.28-21.21.03:944][221]LogEditorViewport: Clicking on Actor (LMB): ThirdPersonCharacter_C (ThirdPersonCharacter)
[2018.01.28-21.21.04:124][231]LogEditorViewport: Clicking on Actor (LMB): ThirdPersonCharacter_C (ThirdPersonCharacter)
[2018.01.28-21.21.23:792][410]LogEditorViewport: Clicking on Actor (LMB): ThirdPersonCharacter_C (ThirdPersonCharacter)
[2018.01.28-21.21.24:205][434]LogEditorViewport: Clicking on Actor (LMB): ThirdPersonCharacter_C (ThirdPersonCharacter)
[2018.01.28-21.21.24:270][437]LogEditorViewport: Clicking on Component (LMB): CameraComponent (Camera)
[2018.01.28-21.21.40:425][398]LogTemp: Repeating last play command: Selected Viewport
[2018.01.28-21.21.40:446][398]LogBlueprintUserMessages: Early PlayInEditor Detection: Level '/Game/kingpin2018/ThirdPersonBP/Maps/ThirdPersonExampleMap.ThirdPersonExampleMap:PersistentLevel' has LevelScriptBlueprint '/Game/kingpin2018/ThirdPersonBP/Maps/ThirdPersonExampleMap.ThirdPersonExampleMap:PersistentLevel.ThirdPersonExampleMap' with GeneratedClass '/Game/kingpin2018/ThirdPersonBP/Maps/ThirdPersonExampleMap.ThirdPersonExampleMap_C' with ClassGeneratedBy '/Game/kingpin2018/ThirdPersonBP/Maps/ThirdPersonExampleMap.ThirdPersonExampleMap:PersistentLevel.ThirdPersonExampleMap'
[2018.01.28-21.21.40:446][398]LogPlayLevel: PlayLevel: No blueprints needed recompiling
[2018.01.28-21.21.40:446][398]PIE: New page: PIE session: ThirdPersonExampleMap (Jan 28, 2018, 11:21:40 PM)
[2018.01.28-21.21.40:446][398]LogPlayLevel: Creating play world package: /Game/kingpin2018/ThirdPersonBP/Maps/UEDPIE_0_ThirdPersonExampleMap
[2018.01.28-21.21.40:464][398]LogPlayLevel: PIE: StaticDuplicateObject took: (0.017351s)
[2018.01.28-21.21.40:465][398]LogAIModule: Creating AISystem for world ThirdPersonExampleMap
[2018.01.28-21.21.40:465][398]LogPlayLevel: PIE: World Init took: (0.001318s)
[2018.01.28-21.21.40:465][398]LogPlayLevel: PIE: Created PIE world by copying editor world from /Game/kingpin2018/ThirdPersonBP/Maps/ThirdPersonExampleMap.ThirdPersonExampleMap to /Game/kingpin2018/ThirdPersonBP/Maps/UEDPIE_0_ThirdPersonExampleMap.ThirdPersonExampleMap (0.019090s)
[2018.01.28-21.21.40:513][398]LogInit: XAudio2 using 'Luidsprekers (Realtek High Definition Audio)' : 2 channels at 44.1 kHz using 16 bits per sample (channel mask 0x3)
[2018.01.28-21.21.40:533][398]LogInit: FAudioDevice initialized.
[2018.01.28-21.21.40:567][398]LogLoad: Game class is 'GameModeBase'
[2018.01.28-21.21.40:570][398]LogWorld: Bringing World /Game/kingpin2018/ThirdPersonBP/Maps/UEDPIE_0_ThirdPersonExampleMap.ThirdPersonExampleMap up for play (max tick rate 60) at 2018.01.28-22.21.40
[2018.01.28-21.21.40:570][398]LogWorld: Bringing up level for play took: 0.002511
[2018.01.28-21.21.40:574][398]PIE: Play in editor start time for /Game/kingpin2018/ThirdPersonBP/Maps/UEDPIE_0_ThirdPersonExampleMap 0.594
[2018.01.28-21.21.40:574][398]LogBlueprintUserMessages: Late PlayInEditor Detection: Level '/Game/kingpin2018/ThirdPersonBP/Maps/ThirdPersonExampleMap.ThirdPersonExampleMap:PersistentLevel' has LevelScriptBlueprint '/Game/kingpin2018/ThirdPersonBP/Maps/ThirdPersonExampleMap.ThirdPersonExampleMap:PersistentLevel.ThirdPersonExampleMap' with GeneratedClass '/Game/kingpin2018/ThirdPersonBP/Maps/ThirdPersonExampleMap.ThirdPersonExampleMap_C' with ClassGeneratedBy '/Game/kingpin2018/ThirdPersonBP/Maps/ThirdPersonExampleMap.ThirdPersonExampleMap:PersistentLevel.ThirdPersonExampleMap'
[2018.01.28-21.21.45:737][705]LogBlueprintUserMessages: Early EndPlayMap Detection: Level '/Game/kingpin2018/ThirdPersonBP/Maps/ThirdPersonExampleMap.ThirdPersonExampleMap:PersistentLevel' has LevelScriptBlueprint '/Game/kingpin2018/ThirdPersonBP/Maps/ThirdPersonExampleMap.ThirdPersonExampleMap:PersistentLevel.ThirdPersonExampleMap' with GeneratedClass '/Game/kingpin2018/ThirdPersonBP/Maps/ThirdPersonExampleMap.ThirdPersonExampleMap_C' with ClassGeneratedBy '/Game/kingpin2018/ThirdPersonBP/Maps/ThirdPersonExampleMap.ThirdPersonExampleMap:PersistentLevel.ThirdPersonExampleMap'
[2018.01.28-21.21.45:811][705]LogBlueprintUserMessages: Late EndPlayMap Detection: Level '/Game/kingpin2018/ThirdPersonBP/Maps/ThirdPersonExampleMap.ThirdPersonExampleMap:PersistentLevel' has LevelScriptBlueprint '/Game/kingpin2018/ThirdPersonBP/Maps/ThirdPersonExampleMap.ThirdPersonExampleMap:PersistentLevel.ThirdPersonExampleMap' with GeneratedClass '/Game/kingpin2018/ThirdPersonBP/Maps/ThirdPersonExampleMap.ThirdPersonExampleMap_C' with ClassGeneratedBy '/Game/kingpin2018/ThirdPersonBP/Maps/ThirdPersonExampleMap.ThirdPersonExampleMap:PersistentLevel.ThirdPersonExampleMap'
[2018.01.28-21.22.08:122][ 23]MapCheck: New page: Map Check
[2018.01.28-21.22.08:138][ 23]Cmd: MAP REBUILD ALLVISIBLE
[2018.01.28-21.22.08:138][ 23]LogEditorServer: Rebuildmap Clear paths rebuilt
[2018.01.28-21.22.08:205][ 23]LogMaterial: Missing cached shader map for material FDebugViewModeMaterialProxy WorldGridMaterial, compiling. Is special engine material.
[2018.01.28-21.22.08:213][ 23]LogMaterial: Missing cached shader map for material FDebugViewModeMaterialProxy MaterialInstanceDynamic_2, compiling. 
[2018.01.28-21.22.08:218][ 23]LogMaterial: Missing cached shader map for material FDebugViewModeMaterialProxy HelpActorMaterial, compiling. 
[2018.01.28-21.22.08:225][ 23]LogMaterial: Missing cached shader map for material FDebugViewModeMaterialProxy RampMaterial, compiling. 
[2018.01.28-21.22.08:231][ 23]LogMaterial: Missing cached shader map for material FDebugViewModeMaterialProxy CubeMaterial, compiling. 
[2018.01.28-21.22.08:238][ 23]LogMaterial: Missing cached shader map for material FDebugViewModeMaterialProxy DefaultTextMaterialOpaque, compiling. 
[2018.01.28-21.22.08:244][ 23]LogMaterial: Missing cached shader map for material FDebugViewModeMaterialProxy default1, compiling. 
[2018.01.28-21.22.08:251][ 23]LogMaterial: Missing cached shader map for material FDebugViewModeMaterialProxy MatineeCam_mat, compiling. 
[2018.01.28-21.22.08:879][ 23]TextureStreamingBuild: Display: Compiling optional shaders took 0.681 seconds.
[2018.01.28-21.22.08:891][ 23]LogLevel: Display: Export Material TexCoord Scales took 0.012 seconds.
[2018.01.28-21.22.08:897][ 23]TextureStreamingBuild: Display: Build Texture Streaming took 0.006 seconds.
[2018.01.28-21.22.08:912][ 23]LightingResults: New page: Lighting Build - Jan 28, 2018, 11:22:08 PM
[2018.01.28-21.22.08:944][ 23]LogSwarmInterface: [OpenConnection] Registering TCP channel ...
[2018.01.28-21.22.09:135][ 23]LogSwarmInterface: [OpenConnection] Connecting to agent ...
[2018.01.28-21.22.09:153][ 23]LogSwarmInterface: [TryOpenConnection] Testing the Agent
[2018.01.28-21.22.09:668][ 23]LogSwarmInterface: [TryOpenConnection] Opening Connection to Agent
[2018.01.28-21.22.09:668][ 23]LogSwarmInterface: [TryOpenConnection] Local Process ID is 16052
[2018.01.28-21.22.13:226][ 23]LogEditorBuildUtils: Build time 0:05
[2018.01.28-21.22.13:255][ 23]LogEditorViewport: Clicking on Actor (LMB): StaticMeshActor (Floor)
[2018.01.28-21.22.13:351][ 23]LogEditorViewport: Clicking on Component (LMB): StaticMeshComponent (StaticMeshComponent0)
[2018.01.28-21.22.13:375][ 23]LogEditorViewport: Clicking on Component (LMB): StaticMeshComponent (StaticMeshComponent0)
[2018.01.28-21.22.13:392][ 23]LogEditorViewport: Clicking on Actor (double click): StaticMeshActor (Floor)
[2018.01.28-21.22.14:951][113]LogTemp: Repeating last play command: Selected Viewport
[2018.01.28-21.22.14:970][113]LogBlueprintUserMessages: Early PlayInEditor Detection: Level '/Game/kingpin2018/ThirdPersonBP/Maps/ThirdPersonExampleMap.ThirdPersonExampleMap:PersistentLevel' has LevelScriptBlueprint '/Game/kingpin2018/ThirdPersonBP/Maps/ThirdPersonExampleMap.ThirdPersonExampleMap:PersistentLevel.ThirdPersonExampleMap' with GeneratedClass '/Game/kingpin2018/ThirdPersonBP/Maps/ThirdPersonExampleMap.ThirdPersonExampleMap_C' with ClassGeneratedBy '/Game/kingpin2018/ThirdPersonBP/Maps/ThirdPersonExampleMap.ThirdPersonExampleMap:PersistentLevel.ThirdPersonExampleMap'
[2018.01.28-21.22.14:971][113]LogPlayLevel: PlayLevel: No blueprints needed recompiling
[2018.01.28-21.22.14:971][113]PIE: New page: PIE session: ThirdPersonExampleMap (Jan 28, 2018, 11:22:14 PM)
[2018.01.28-21.22.14:971][113]LogPlayLevel: Creating play world package: /Game/kingpin2018/ThirdPersonBP/Maps/UEDPIE_0_ThirdPersonExampleMap
[2018.01.28-21.22.14:992][113]LogPlayLevel: PIE: StaticDuplicateObject took: (0.020914s)
[2018.01.28-21.22.14:993][113]LogAIModule: Creating AISystem for world ThirdPersonExampleMap
[2018.01.28-21.22.14:994][113]LogPlayLevel: PIE: World Init took: (0.001572s)
[2018.01.28-21.22.14:994][113]LogPlayLevel: PIE: Created PIE world by copying editor world from /Game/kingpin2018/ThirdPersonBP/Maps/ThirdPersonExampleMap.ThirdPersonExampleMap to /Game/kingpin2018/ThirdPersonBP/Maps/UEDPIE_0_ThirdPersonExampleMap.ThirdPersonExampleMap (0.023222s)
[2018.01.28-21.22.15:013][113]LogInit: XAudio2 using 'Luidsprekers (Realtek High Definition Audio)' : 2 channels at 44.1 kHz using 16 bits per sample (channel mask 0x3)
[2018.01.28-21.22.15:033][113]LogInit: FAudioDevice initialized.
[2018.01.28-21.22.15:067][113]LogLoad: Game class is 'GameModeBase'
[2018.01.28-21.22.15:070][113]LogWorld: Bringing World /Game/kingpin2018/ThirdPersonBP/Maps/UEDPIE_0_ThirdPersonExampleMap.ThirdPersonExampleMap up for play (max tick rate 60) at 2018.01.28-22.22.15
[2018.01.28-21.22.15:071][113]LogWorld: Bringing up level for play took: 0.002583
[2018.01.28-21.22.15:073][113]PIE: Play in editor start time for /Game/kingpin2018/ThirdPersonBP/Maps/UEDPIE_0_ThirdPersonExampleMap 1.093
[2018.01.28-21.22.15:073][113]LogBlueprintUserMessages: Late PlayInEditor Detection: Level '/Game/kingpin2018/ThirdPersonBP/Maps/ThirdPersonExampleMap.ThirdPersonExampleMap:PersistentLevel' has LevelScriptBlueprint '/Game/kingpin2018/ThirdPersonBP/Maps/ThirdPersonExampleMap.ThirdPersonExampleMap:PersistentLevel.ThirdPersonExampleMap' with GeneratedClass '/Game/kingpin2018/ThirdPersonBP/Maps/ThirdPersonExampleMap.ThirdPersonExampleMap_C' with ClassGeneratedBy '/Game/kingpin2018/ThirdPersonBP/Maps/ThirdPersonExampleMap.ThirdPersonExampleMap:PersistentLevel.ThirdPersonExampleMap'
[2018.01.28-21.22.39:542][579]LogBlueprintUserMessages: Early EndPlayMap Detection: Level '/Game/kingpin2018/ThirdPersonBP/Maps/ThirdPersonExampleMap.ThirdPersonExampleMap:PersistentLevel' has LevelScriptBlueprint '/Game/kingpin2018/ThirdPersonBP/Maps/ThirdPersonExampleMap.ThirdPersonExampleMap:PersistentLevel.ThirdPersonExampleMap' with GeneratedClass '/Game/kingpin2018/ThirdPersonBP/Maps/ThirdPersonExampleMap.ThirdPersonExampleMap_C' with ClassGeneratedBy '/Game/kingpin2018/ThirdPersonBP/Maps/ThirdPersonExampleMap.ThirdPersonExampleMap:PersistentLevel.ThirdPersonExampleMap'
[2018.01.28-21.22.39:615][579]LogBlueprintUserMessages: Late EndPlayMap Detection: Level '/Game/kingpin2018/ThirdPersonBP/Maps/ThirdPersonExampleMap.ThirdPersonExampleMap:PersistentLevel' has LevelScriptBlueprint '/Game/kingpin2018/ThirdPersonBP/Maps/ThirdPersonExampleMap.ThirdPersonExampleMap:PersistentLevel.ThirdPersonExampleMap' with GeneratedClass '/Game/kingpin2018/ThirdPersonBP/Maps/ThirdPersonExampleMap.ThirdPersonExampleMap_C' with ClassGeneratedBy '/Game/kingpin2018/ThirdPersonBP/Maps/ThirdPersonExampleMap.ThirdPersonExampleMap:PersistentLevel.ThirdPersonExampleMap'
[2018.01.28-21.24.16:298][328]LogTemp: Repeating last play command: Selected Viewport
[2018.01.28-21.24.16:321][328]LogBlueprintUserMessages: Early PlayInEditor Detection: Level '/Game/kingpin2018/ThirdPersonBP/Maps/ThirdPersonExampleMap.ThirdPersonExampleMap:PersistentLevel' has LevelScriptBlueprint '/Game/kingpin2018/ThirdPersonBP/Maps/ThirdPersonExampleMap.ThirdPersonExampleMap:PersistentLevel.ThirdPersonExampleMap' with GeneratedClass '/Game/kingpin2018/ThirdPersonBP/Maps/ThirdPersonExampleMap.ThirdPersonExampleMap_C' with ClassGeneratedBy '/Game/kingpin2018/ThirdPersonBP/Maps/ThirdPersonExampleMap.ThirdPersonExampleMap:PersistentLevel.ThirdPersonExampleMap'
[2018.01.28-21.24.16:321][328]LogPlayLevel: PlayLevel: No blueprints needed recompiling
[2018.01.28-21.24.16:321][328]PIE: New page: PIE session: ThirdPersonExampleMap (Jan 28, 2018, 11:24:16 PM)
[2018.01.28-21.24.16:321][328]LogPlayLevel: Creating play world package: /Game/kingpin2018/ThirdPersonBP/Maps/UEDPIE_0_ThirdPersonExampleMap
[2018.01.28-21.24.16:342][328]LogPlayLevel: PIE: StaticDuplicateObject took: (0.020779s)
[2018.01.28-21.24.16:343][328]LogAIModule: Creating AISystem for world ThirdPersonExampleMap
[2018.01.28-21.24.16:343][328]LogPlayLevel: PIE: World Init took: (0.001067s)
[2018.01.28-21.24.16:344][328]LogPlayLevel: PIE: Created PIE world by copying editor world from /Game/kingpin2018/ThirdPersonBP/Maps/ThirdPersonExampleMap.ThirdPersonExampleMap to /Game/kingpin2018/ThirdPersonBP/Maps/UEDPIE_0_ThirdPersonExampleMap.ThirdPersonExampleMap (0.022385s)
[2018.01.28-21.24.16:367][328]LogInit: XAudio2 using 'Luidsprekers (Realtek High Definition Audio)' : 2 channels at 44.1 kHz using 16 bits per sample (channel mask 0x3)
[2018.01.28-21.24.16:389][328]LogInit: FAudioDevice initialized.
[2018.01.28-21.24.16:423][328]LogLoad: Game class is 'GameModeBase'
[2018.01.28-21.24.16:425][328]LogWorld: Bringing World /Game/kingpin2018/ThirdPersonBP/Maps/UEDPIE_0_ThirdPersonExampleMap.ThirdPersonExampleMap up for play (max tick rate 60) at 2018.01.28-22.24.16
[2018.01.28-21.24.16:426][328]LogWorld: Bringing up level for play took: 0.002041
[2018.01.28-21.24.16:427][328]PIE: Play in editor start time for /Game/kingpin2018/ThirdPersonBP/Maps/UEDPIE_0_ThirdPersonExampleMap 0.448
[2018.01.28-21.24.16:428][328]LogBlueprintUserMessages: Late PlayInEditor Detection: Level '/Game/kingpin2018/ThirdPersonBP/Maps/ThirdPersonExampleMap.ThirdPersonExampleMap:PersistentLevel' has LevelScriptBlueprint '/Game/kingpin2018/ThirdPersonBP/Maps/ThirdPersonExampleMap.ThirdPersonExampleMap:PersistentLevel.ThirdPersonExampleMap' with GeneratedClass '/Game/kingpin2018/ThirdPersonBP/Maps/ThirdPersonExampleMap.ThirdPersonExampleMap_C' with ClassGeneratedBy '/Game/kingpin2018/ThirdPersonBP/Maps/ThirdPersonExampleMap.ThirdPersonExampleMap:PersistentLevel.ThirdPersonExampleMap'
[2018.01.28-21.24.18:677][461]LogBlueprintUserMessages: Early EndPlayMap Detection: Level '/Game/kingpin2018/ThirdPersonBP/Maps/ThirdPersonExampleMap.ThirdPersonExampleMap:PersistentLevel' has LevelScriptBlueprint '/Game/kingpin2018/ThirdPersonBP/Maps/ThirdPersonExampleMap.ThirdPersonExampleMap:PersistentLevel.ThirdPersonExampleMap' with GeneratedClass '/Game/kingpin2018/ThirdPersonBP/Maps/ThirdPersonExampleMap.ThirdPersonExampleMap_C' with ClassGeneratedBy '/Game/kingpin2018/ThirdPersonBP/Maps/ThirdPersonExampleMap.ThirdPersonExampleMap:PersistentLevel.ThirdPersonExampleMap'
[2018.01.28-21.24.18:771][461]LogBlueprintUserMessages: Late EndPlayMap Detection: Level '/Game/kingpin2018/ThirdPersonBP/Maps/ThirdPersonExampleMap.ThirdPersonExampleMap:PersistentLevel' has LevelScriptBlueprint '/Game/kingpin2018/ThirdPersonBP/Maps/ThirdPersonExampleMap.ThirdPersonExampleMap:PersistentLevel.ThirdPersonExampleMap' with GeneratedClass '/Game/kingpin2018/ThirdPersonBP/Maps/ThirdPersonExampleMap.ThirdPersonExampleMap_C' with ClassGeneratedBy '/Game/kingpin2018/ThirdPersonBP/Maps/ThirdPersonExampleMap.ThirdPersonExampleMap:PersistentLevel.ThirdPersonExampleMap'
[2018.01.28-21.24.20:002][531]Cmd: TRANSACTION UNDO
[2018.01.28-21.24.20:002][531]LogEditorTransaction: Undo Move Actors
[2018.01.28-21.24.22:242][664]Cmd: TRANSACTION UNDO
[2018.01.28-21.24.22:242][664]LogEditorTransaction: Undo Move Actors
[2018.01.28-21.24.22:825][699]Cmd: TRANSACTION UNDO
[2018.01.28-21.24.22:825][699]LogEditorTransaction: Undo Create Actors
[2018.01.28-21.24.51:464][395]LogEditorTransaction: Undo Clicking on Actors
[2018.01.28-21.25.00:385][926]LogEditorViewport: Clicking on Actor (LMB): StaticMeshActor (Wall7)
[2018.01.28-21.25.27:620][403]LogSlate: Warning: Prevented a slow task dialog from being summoned while a context menu was open
[2018.01.28-21.26.16:472][329]LogEditorViewport: Clicking on Actor (LMB): ThirdPersonCharacter_C (ThirdPersonCharacter)
[2018.01.28-21.26.16:617][330]LogEditorViewport: Clicking on Component (LMB): CameraComponent (Camera)
[2018.01.28-21.26.17:580][384]LogEditorViewport: Clicking on Component (LMB): SkeletalMeshComponent (CharacterMesh0)
[2018.01.28-21.26.17:752][391]LogEditorViewport: Clicking on Component (LMB): SkeletalMeshComponent (CharacterMesh0)
[2018.01.28-21.26.18:517][436]LogEditorViewport: Clicking on Component (context menu): SkeletalMeshComponent (CharacterMesh0)
[2018.01.28-21.26.22:878][670]LogEditorViewport: Clicking on Actor (context menu): ThirdPersonCharacter_C (ThirdPersonCharacter)
[2018.01.28-21.26.31:815][203]LogTemp: Repeating last play command: Selected Viewport
[2018.01.28-21.26.31:839][203]LogBlueprintUserMessages: Early PlayInEditor Detection: Level '/Game/kingpin2018/ThirdPersonBP/Maps/ThirdPersonExampleMap.ThirdPersonExampleMap:PersistentLevel' has LevelScriptBlueprint '/Game/kingpin2018/ThirdPersonBP/Maps/ThirdPersonExampleMap.ThirdPersonExampleMap:PersistentLevel.ThirdPersonExampleMap' with GeneratedClass '/Game/kingpin2018/ThirdPersonBP/Maps/ThirdPersonExampleMap.ThirdPersonExampleMap_C' with ClassGeneratedBy '/Game/kingpin2018/ThirdPersonBP/Maps/ThirdPersonExampleMap.ThirdPersonExampleMap:PersistentLevel.ThirdPersonExampleMap'
[2018.01.28-21.26.31:839][203]LogPlayLevel: PlayLevel: No blueprints needed recompiling
[2018.01.28-21.26.31:839][203]PIE: New page: PIE session: ThirdPersonExampleMap (Jan 28, 2018, 11:26:31 PM)
[2018.01.28-21.26.31:840][203]LogPlayLevel: Creating play world package: /Game/kingpin2018/ThirdPersonBP/Maps/UEDPIE_0_ThirdPersonExampleMap
[2018.01.28-21.26.31:858][203]LogPlayLevel: PIE: StaticDuplicateObject took: (0.018375s)
[2018.01.28-21.26.31:859][203]LogAIModule: Creating AISystem for world ThirdPersonExampleMap
[2018.01.28-21.26.31:860][203]LogPlayLevel: PIE: World Init took: (0.001586s)
[2018.01.28-21.26.31:860][203]LogPlayLevel: PIE: Created PIE world by copying editor world from /Game/kingpin2018/ThirdPersonBP/Maps/ThirdPersonExampleMap.ThirdPersonExampleMap to /Game/kingpin2018/ThirdPersonBP/Maps/UEDPIE_0_ThirdPersonExampleMap.ThirdPersonExampleMap (0.020585s)
[2018.01.28-21.26.31:885][203]LogInit: XAudio2 using 'Luidsprekers (Realtek High Definition Audio)' : 2 channels at 44.1 kHz using 16 bits per sample (channel mask 0x3)
[2018.01.28-21.26.31:908][203]LogInit: FAudioDevice initialized.
[2018.01.28-21.26.31:937][203]LogLoad: Game class is 'GameModeBase'
[2018.01.28-21.26.31:940][203]LogWorld: Bringing World /Game/kingpin2018/ThirdPersonBP/Maps/UEDPIE_0_ThirdPersonExampleMap.ThirdPersonExampleMap up for play (max tick rate 60) at 2018.01.28-22.26.31
[2018.01.28-21.26.31:941][203]LogWorld: Bringing up level for play took: 0.002588
[2018.01.28-21.26.31:942][203]PIE: Play in editor start time for /Game/kingpin2018/ThirdPersonBP/Maps/UEDPIE_0_ThirdPersonExampleMap -0.038
[2018.01.28-21.26.31:943][203]LogBlueprintUserMessages: Late PlayInEditor Detection: Level '/Game/kingpin2018/ThirdPersonBP/Maps/ThirdPersonExampleMap.ThirdPersonExampleMap:PersistentLevel' has LevelScriptBlueprint '/Game/kingpin2018/ThirdPersonBP/Maps/ThirdPersonExampleMap.ThirdPersonExampleMap:PersistentLevel.ThirdPersonExampleMap' with GeneratedClass '/Game/kingpin2018/ThirdPersonBP/Maps/ThirdPersonExampleMap.ThirdPersonExampleMap_C' with ClassGeneratedBy '/Game/kingpin2018/ThirdPersonBP/Maps/ThirdPersonExampleMap.ThirdPersonExampleMap:PersistentLevel.ThirdPersonExampleMap'
[2018.01.28-21.26.34:431][351]LogBlueprintUserMessages: Early EndPlayMap Detection: Level '/Game/kingpin2018/ThirdPersonBP/Maps/ThirdPersonExampleMap.ThirdPersonExampleMap:PersistentLevel' has LevelScriptBlueprint '/Game/kingpin2018/ThirdPersonBP/Maps/ThirdPersonExampleMap.ThirdPersonExampleMap:PersistentLevel.ThirdPersonExampleMap' with GeneratedClass '/Game/kingpin2018/ThirdPersonBP/Maps/ThirdPersonExampleMap.ThirdPersonExampleMap_C' with ClassGeneratedBy '/Game/kingpin2018/ThirdPersonBP/Maps/ThirdPersonExampleMap.ThirdPersonExampleMap:PersistentLevel.ThirdPersonExampleMap'
[2018.01.28-21.26.34:508][351]LogBlueprintUserMessages: Late EndPlayMap Detection: Level '/Game/kingpin2018/ThirdPersonBP/Maps/ThirdPersonExampleMap.ThirdPersonExampleMap:PersistentLevel' has LevelScriptBlueprint '/Game/kingpin2018/ThirdPersonBP/Maps/ThirdPersonExampleMap.ThirdPersonExampleMap:PersistentLevel.ThirdPersonExampleMap' with GeneratedClass '/Game/kingpin2018/ThirdPersonBP/Maps/ThirdPersonExampleMap.ThirdPersonExampleMap_C' with ClassGeneratedBy '/Game/kingpin2018/ThirdPersonBP/Maps/ThirdPersonExampleMap.ThirdPersonExampleMap:PersistentLevel.ThirdPersonExampleMap'
[2018.01.28-21.26.36:899][489]Cmd: SELECT NONE
[2018.01.28-21.26.38:048][558]LogTemp: Repeating last play command: Selected Viewport
[2018.01.28-21.26.38:069][558]LogBlueprintUserMessages: Early PlayInEditor Detection: Level '/Game/kingpin2018/ThirdPersonBP/Maps/ThirdPersonExampleMap.ThirdPersonExampleMap:PersistentLevel' has LevelScriptBlueprint '/Game/kingpin2018/ThirdPersonBP/Maps/ThirdPersonExampleMap.ThirdPersonExampleMap:PersistentLevel.ThirdPersonExampleMap' with GeneratedClass '/Game/kingpin2018/ThirdPersonBP/Maps/ThirdPersonExampleMap.ThirdPersonExampleMap_C' with ClassGeneratedBy '/Game/kingpin2018/ThirdPersonBP/Maps/ThirdPersonExampleMap.ThirdPersonExampleMap:PersistentLevel.ThirdPersonExampleMap'
[2018.01.28-21.26.38:069][558]LogPlayLevel: PlayLevel: No blueprints needed recompiling
[2018.01.28-21.26.38:070][558]PIE: New page: PIE session: ThirdPersonExampleMap (Jan 28, 2018, 11:26:38 PM)
[2018.01.28-21.26.38:070][558]LogPlayLevel: Creating play world package: /Game/kingpin2018/ThirdPersonBP/Maps/UEDPIE_0_ThirdPersonExampleMap
[2018.01.28-21.26.38:089][558]LogPlayLevel: PIE: StaticDuplicateObject took: (0.018936s)
[2018.01.28-21.26.38:090][558]LogAIModule: Creating AISystem for world ThirdPersonExampleMap
[2018.01.28-21.26.38:090][558]LogPlayLevel: PIE: World Init took: (0.001193s)
[2018.01.28-21.26.38:090][558]LogPlayLevel: PIE: Created PIE world by copying editor world from /Game/kingpin2018/ThirdPersonBP/Maps/ThirdPersonExampleMap.ThirdPersonExampleMap to /Game/kingpin2018/ThirdPersonBP/Maps/UEDPIE_0_ThirdPersonExampleMap.ThirdPersonExampleMap (0.020669s)
[2018.01.28-21.26.38:108][558]LogInit: XAudio2 using 'Luidsprekers (Realtek High Definition Audio)' : 2 channels at 44.1 kHz using 16 bits per sample (channel mask 0x3)
[2018.01.28-21.26.38:128][558]LogInit: FAudioDevice initialized.
[2018.01.28-21.26.38:161][558]LogLoad: Game class is 'GameModeBase'
[2018.01.28-21.26.38:163][558]LogWorld: Bringing World /Game/kingpin2018/ThirdPersonBP/Maps/UEDPIE_0_ThirdPersonExampleMap.ThirdPersonExampleMap up for play (max tick rate 60) at 2018.01.28-22.26.38
[2018.01.28-21.26.38:164][558]LogWorld: Bringing up level for play took: 0.001667
[2018.01.28-21.26.38:165][558]PIE: Play in editor start time for /Game/kingpin2018/ThirdPersonBP/Maps/UEDPIE_0_ThirdPersonExampleMap 0.185
[2018.01.28-21.26.38:165][558]LogBlueprintUserMessages: Late PlayInEditor Detection: Level '/Game/kingpin2018/ThirdPersonBP/Maps/ThirdPersonExampleMap.ThirdPersonExampleMap:PersistentLevel' has LevelScriptBlueprint '/Game/kingpin2018/ThirdPersonBP/Maps/ThirdPersonExampleMap.ThirdPersonExampleMap:PersistentLevel.ThirdPersonExampleMap' with GeneratedClass '/Game/kingpin2018/ThirdPersonBP/Maps/ThirdPersonExampleMap.ThirdPersonExampleMap_C' with ClassGeneratedBy '/Game/kingpin2018/ThirdPersonBP/Maps/ThirdPersonExampleMap.ThirdPersonExampleMap:PersistentLevel.ThirdPersonExampleMap'
[2018.01.28-21.26.39:020][608]LogBlueprintUserMessages: Early EndPlayMap Detection: Level '/Game/kingpin2018/ThirdPersonBP/Maps/ThirdPersonExampleMap.ThirdPersonExampleMap:PersistentLevel' has LevelScriptBlueprint '/Game/kingpin2018/ThirdPersonBP/Maps/ThirdPersonExampleMap.ThirdPersonExampleMap:PersistentLevel.ThirdPersonExampleMap' with GeneratedClass '/Game/kingpin2018/ThirdPersonBP/Maps/ThirdPersonExampleMap.ThirdPersonExampleMap_C' with ClassGeneratedBy '/Game/kingpin2018/ThirdPersonBP/Maps/ThirdPersonExampleMap.ThirdPersonExampleMap:PersistentLevel.ThirdPersonExampleMap'
[2018.01.28-21.26.39:062][608]LogBlueprintUserMessages: Late EndPlayMap Detection: Level '/Game/kingpin2018/ThirdPersonBP/Maps/ThirdPersonExampleMap.ThirdPersonExampleMap:PersistentLevel' has LevelScriptBlueprint '/Game/kingpin2018/ThirdPersonBP/Maps/ThirdPersonExampleMap.ThirdPersonExampleMap:PersistentLevel.ThirdPersonExampleMap' with GeneratedClass '/Game/kingpin2018/ThirdPersonBP/Maps/ThirdPersonExampleMap.ThirdPersonExampleMap_C' with ClassGeneratedBy '/Game/kingpin2018/ThirdPersonBP/Maps/ThirdPersonExampleMap.ThirdPersonExampleMap:PersistentLevel.ThirdPersonExampleMap'
[2018.01.28-21.26.43:578][875]Cmd: SELECT NONE
[2018.01.28-21.26.44:996][960]Cmd: SELECT NONE
[2018.01.28-21.26.45:230][974]Cmd: SELECT NONE
[2018.01.28-21.26.45:429][986]Cmd: SELECT NONE
[2018.01.28-21.27.09:757][292]BlueprintLog: New page: Compile ThirdPersonCharacter
[2018.01.28-21.27.12:527][411]LogTemp: Repeating last play command: Selected Viewport
[2018.01.28-21.27.12:547][411]LogBlueprintUserMessages: Early PlayInEditor Detection: Level '/Game/kingpin2018/ThirdPersonBP/Maps/ThirdPersonExampleMap.ThirdPersonExampleMap:PersistentLevel' has LevelScriptBlueprint '/Game/kingpin2018/ThirdPersonBP/Maps/ThirdPersonExampleMap.ThirdPersonExampleMap:PersistentLevel.ThirdPersonExampleMap' with GeneratedClass '/Game/kingpin2018/ThirdPersonBP/Maps/ThirdPersonExampleMap.ThirdPersonExampleMap_C' with ClassGeneratedBy '/Game/kingpin2018/ThirdPersonBP/Maps/ThirdPersonExampleMap.ThirdPersonExampleMap:PersistentLevel.ThirdPersonExampleMap'
[2018.01.28-21.27.12:547][411]LogPlayLevel: PlayLevel: No blueprints needed recompiling
[2018.01.28-21.27.12:547][411]PIE: New page: PIE session: ThirdPersonExampleMap (Jan 28, 2018, 11:27:12 PM)
[2018.01.28-21.27.12:547][411]LogPlayLevel: Creating play world package: /Game/kingpin2018/ThirdPersonBP/Maps/UEDPIE_0_ThirdPersonExampleMap
[2018.01.28-21.27.12:566][411]LogPlayLevel: PIE: StaticDuplicateObject took: (0.019146s)
[2018.01.28-21.27.12:567][411]LogAIModule: Creating AISystem for world ThirdPersonExampleMap
[2018.01.28-21.27.12:568][411]LogPlayLevel: PIE: World Init took: (0.001090s)
[2018.01.28-21.27.12:568][411]LogPlayLevel: PIE: Created PIE world by copying editor world from /Game/kingpin2018/ThirdPersonBP/Maps/ThirdPersonExampleMap.ThirdPersonExampleMap to /Game/kingpin2018/ThirdPersonBP/Maps/UEDPIE_0_ThirdPersonExampleMap.ThirdPersonExampleMap (0.020665s)
[2018.01.28-21.27.12:590][411]LogInit: XAudio2 using 'Luidsprekers (Realtek High Definition Audio)' : 2 channels at 44.1 kHz using 16 bits per sample (channel mask 0x3)
[2018.01.28-21.27.12:615][411]LogInit: FAudioDevice initialized.
[2018.01.28-21.27.12:651][411]LogLoad: Game class is 'GameModeBase'
[2018.01.28-21.27.12:654][411]LogWorld: Bringing World /Game/kingpin2018/ThirdPersonBP/Maps/UEDPIE_0_ThirdPersonExampleMap.ThirdPersonExampleMap up for play (max tick rate 60) at 2018.01.28-22.27.12
[2018.01.28-21.27.12:654][411]LogWorld: Bringing up level for play took: 0.001690
[2018.01.28-21.27.12:656][411]PIE: Play in editor start time for /Game/kingpin2018/ThirdPersonBP/Maps/UEDPIE_0_ThirdPersonExampleMap 0.676
[2018.01.28-21.27.12:656][411]LogBlueprintUserMessages: Late PlayInEditor Detection: Level '/Game/kingpin2018/ThirdPersonBP/Maps/ThirdPersonExampleMap.ThirdPersonExampleMap:PersistentLevel' has LevelScriptBlueprint '/Game/kingpin2018/ThirdPersonBP/Maps/ThirdPersonExampleMap.ThirdPersonExampleMap:PersistentLevel.ThirdPersonExampleMap' with GeneratedClass '/Game/kingpin2018/ThirdPersonBP/Maps/ThirdPersonExampleMap.ThirdPersonExampleMap_C' with ClassGeneratedBy '/Game/kingpin2018/ThirdPersonBP/Maps/ThirdPersonExampleMap.ThirdPersonExampleMap:PersistentLevel.ThirdPersonExampleMap'
[2018.01.28-21.27.17:683][711]LogBlueprintUserMessages: Early EndPlayMap Detection: Level '/Game/kingpin2018/ThirdPersonBP/Maps/ThirdPersonExampleMap.ThirdPersonExampleMap:PersistentLevel' has LevelScriptBlueprint '/Game/kingpin2018/ThirdPersonBP/Maps/ThirdPersonExampleMap.ThirdPersonExampleMap:PersistentLevel.ThirdPersonExampleMap' with GeneratedClass '/Game/kingpin2018/ThirdPersonBP/Maps/ThirdPersonExampleMap.ThirdPersonExampleMap_C' with ClassGeneratedBy '/Game/kingpin2018/ThirdPersonBP/Maps/ThirdPersonExampleMap.ThirdPersonExampleMap:PersistentLevel.ThirdPersonExampleMap'
[2018.01.28-21.27.17:718][711]LogBlueprintUserMessages: Late EndPlayMap Detection: Level '/Game/kingpin2018/ThirdPersonBP/Maps/ThirdPersonExampleMap.ThirdPersonExampleMap:PersistentLevel' has LevelScriptBlueprint '/Game/kingpin2018/ThirdPersonBP/Maps/ThirdPersonExampleMap.ThirdPersonExampleMap:PersistentLevel.ThirdPersonExampleMap' with GeneratedClass '/Game/kingpin2018/ThirdPersonBP/Maps/ThirdPersonExampleMap.ThirdPersonExampleMap_C' with ClassGeneratedBy '/Game/kingpin2018/ThirdPersonBP/Maps/ThirdPersonExampleMap.ThirdPersonExampleMap:PersistentLevel.ThirdPersonExampleMap'
[2018.01.28-21.27.19:801][834]LogEditorViewport: Clicking on Actor (context menu): BP_Sky_Sphere_C (SkySphereBlueprint)
[2018.01.28-21.27.20:620][879]LogEditorViewport: Clicking on Actor (LMB): BP_Sky_Sphere_C (SkySphereBlueprint)
[2018.01.28-21.27.21:415][925]LogEditorViewport: Clicking on Actor (context menu): ThirdPersonCharacter_C (ThirdPersonCharacter)
[2018.01.28-21.27.24:476][ 95]LogEditorViewport: Clicking on Actor (context menu): BP_Sky_Sphere_C (SkySphereBlueprint)
[2018.01.28-21.27.30:145][420]Cmd: SELECT NONE
[2018.01.28-21.27.33:947][647]LogEditorTransaction: Undo Select None
[2018.01.28-21.27.34:509][679]LogEditorTransaction: Undo Clicking on Actors (context menu)
[2018.01.28-21.27.34:857][693]LogEditorTransaction: Undo Clicking on Actors (context menu)
[2018.01.28-21.27.35:429][724]LogEditorTransaction: Undo Clicking on Actors
[2018.01.28-21.27.35:429][724]LogEditorTransaction: Undo Clicking on Actors (context menu)
[2018.01.28-21.27.36:163][768]LogEditorTransaction: Redo Clicking on Actors (context menu)
[2018.01.28-21.27.37:018][818]LogEditorTransaction: Undo Clicking on Actors (context menu)
[2018.01.28-21.27.37:768][863]LogEditorTransaction: Undo Edit Auto Possess Player
[2018.01.28-21.27.37:772][863]LogActorComponent: ~FComponentReregisterContext: (/Game/kingpin2018/ThirdPersonBP/Maps/ThirdPersonExampleMap.ThirdPersonExampleMap:PersistentLevel.ThirdPersonCharacter_194.CollisionCylinder) Component already registered.
[2018.01.28-21.27.37:773][863]LogActorComponent: ~FComponentReregisterContext: (/Game/kingpin2018/ThirdPersonBP/Maps/ThirdPersonExampleMap.ThirdPersonExampleMap:PersistentLevel.ThirdPersonCharacter_194.CharacterMesh0) Component already registered.
[2018.01.28-21.27.38:341][897]LogEditorTransaction: Undo Select None
[2018.01.28-21.27.38:608][913]LogEditorTransaction: Undo Select None
[2018.01.28-21.27.38:874][929]LogEditorTransaction: Undo Select None
[2018.01.28-21.27.39:374][959]LogEditorTransaction: Undo Select None
[2018.01.28-21.27.40:091][  2]LogEditorTransaction: Undo Select None
[2018.01.28-21.27.40:575][ 25]LogEditorTransaction: Undo Clicking on Actors (context menu)
[2018.01.28-21.27.40:952][ 47]LogEditorTransaction: Undo Clicking on Component (context menu)
[2018.01.28-21.27.41:314][ 66]LogEditorTransaction: Undo Clicking on Components
[2018.01.28-21.27.41:903][101]LogEditorTransaction: Undo Clicking on Components
[2018.01.28-21.27.42:284][120]LogEditorTransaction: Undo Clicking on Components
[2018.01.28-21.27.42:662][138]LogEditorTransaction: Undo Clicking on Actors
[2018.01.28-21.27.43:042][157]LogEditorTransaction: Undo Clicking on Actors
[2018.01.28-21.27.43:407][177]LogEditorTransaction: Undo Clicking on Actors (double-click)
[2018.01.28-21.27.43:852][202]LogEditorTransaction: Undo Clicking on Components
[2018.01.28-21.27.44:639][249]LogEditorTransaction: Undo Clicking on Components
[2018.01.28-21.27.53:894][799]Cmd: TRANSACTION UNDO
[2018.01.28-21.27.53:894][799]LogEditorTransaction: Undo Clicking on Actors
[2018.01.28-21.27.58:670][ 79]LogEditorViewport: Clicking on Actor (context menu): BP_Sky_Sphere_C (SkySphereBlueprint)
[2018.01.28-21.28.12:875][921]LogEditorViewport: Clicking on Actor (LMB): ThirdPersonCharacter_C (ThirdPersonCharacter)
[2018.01.28-21.28.31:688][983]Cmd: DELETE
[2018.01.28-21.28.31:688][983]Cmd: ACTOR DELETE
[2018.01.28-21.28.31:688][983]LogEditorActor: Deleted Actor: ThirdPersonCharacter_C
[2018.01.28-21.28.32:013][983]LogEditorActor: Deleted 1 Actors (0.325 secs)
[2018.01.28-21.28.41:362][520]LogEditorViewport: Clicking on Actor (LMB): ThirdPersonCharacter_C (ThirdPersonCharacter)
[2018.01.28-21.28.41:460][524]LogEditorViewport: Clicking on Component (LMB): CameraComponent (Camera)
[2018.01.28-21.29.08:625][944]BlueprintLog: New page: Compile ThirdPersonCharacter
[2018.01.28-21.29.10:848][ 23]LogTemp: Repeating last play command: Selected Viewport
[2018.01.28-21.29.10:877][ 23]LogBlueprintUserMessages: Early PlayInEditor Detection: Level '/Game/kingpin2018/ThirdPersonBP/Maps/ThirdPersonExampleMap.ThirdPersonExampleMap:PersistentLevel' has LevelScriptBlueprint '/Game/kingpin2018/ThirdPersonBP/Maps/ThirdPersonExampleMap.ThirdPersonExampleMap:PersistentLevel.ThirdPersonExampleMap' with GeneratedClass '/Game/kingpin2018/ThirdPersonBP/Maps/ThirdPersonExampleMap.ThirdPersonExampleMap_C' with ClassGeneratedBy '/Game/kingpin2018/ThirdPersonBP/Maps/ThirdPersonExampleMap.ThirdPersonExampleMap:PersistentLevel.ThirdPersonExampleMap'
[2018.01.28-21.29.10:877][ 23]LogPlayLevel: PlayLevel: No blueprints needed recompiling
[2018.01.28-21.29.10:877][ 23]PIE: New page: PIE session: ThirdPersonExampleMap (Jan 28, 2018, 11:29:10 PM)
[2018.01.28-21.29.10:877][ 23]LogPlayLevel: Creating play world package: /Game/kingpin2018/ThirdPersonBP/Maps/UEDPIE_0_ThirdPersonExampleMap
[2018.01.28-21.29.10:897][ 23]LogPlayLevel: PIE: StaticDuplicateObject took: (0.019721s)
[2018.01.28-21.29.10:898][ 23]LogAIModule: Creating AISystem for world ThirdPersonExampleMap
[2018.01.28-21.29.10:898][ 23]LogPlayLevel: PIE: World Init took: (0.001091s)
[2018.01.28-21.29.10:898][ 23]LogPlayLevel: PIE: Created PIE world by copying editor world from /Game/kingpin2018/ThirdPersonBP/Maps/ThirdPersonExampleMap.ThirdPersonExampleMap to /Game/kingpin2018/ThirdPersonBP/Maps/UEDPIE_0_ThirdPersonExampleMap.ThirdPersonExampleMap (0.021247s)
[2018.01.28-21.29.10:951][ 23]LogInit: XAudio2 using 'Luidsprekers (Realtek High Definition Audio)' : 2 channels at 44.1 kHz using 16 bits per sample (channel mask 0x3)
[2018.01.28-21.29.10:972][ 23]LogInit: FAudioDevice initialized.
[2018.01.28-21.29.11:007][ 23]LogLoad: Game class is 'GameModeBase'
[2018.01.28-21.29.11:012][ 23]LogWorld: Bringing World /Game/kingpin2018/ThirdPersonBP/Maps/UEDPIE_0_ThirdPersonExampleMap.ThirdPersonExampleMap up for play (max tick rate 60) at 2018.01.28-22.29.11
[2018.01.28-21.29.11:013][ 23]LogWorld: Bringing up level for play took: 0.003643
[2018.01.28-21.29.11:016][ 23]PIE: Play in editor start time for /Game/kingpin2018/ThirdPersonBP/Maps/UEDPIE_0_ThirdPersonExampleMap 1.036
[2018.01.28-21.29.11:016][ 23]LogBlueprintUserMessages: Late PlayInEditor Detection: Level '/Game/kingpin2018/ThirdPersonBP/Maps/ThirdPersonExampleMap.ThirdPersonExampleMap:PersistentLevel' has LevelScriptBlueprint '/Game/kingpin2018/ThirdPersonBP/Maps/ThirdPersonExampleMap.ThirdPersonExampleMap:PersistentLevel.ThirdPersonExampleMap' with GeneratedClass '/Game/kingpin2018/ThirdPersonBP/Maps/ThirdPersonExampleMap.ThirdPersonExampleMap_C' with ClassGeneratedBy '/Game/kingpin2018/ThirdPersonBP/Maps/ThirdPersonExampleMap.ThirdPersonExampleMap:PersistentLevel.ThirdPersonExampleMap'
[2018.01.28-21.29.29:108][105]LogBlueprintUserMessages: Early EndPlayMap Detection: Level '/Game/kingpin2018/ThirdPersonBP/Maps/ThirdPersonExampleMap.ThirdPersonExampleMap:PersistentLevel' has LevelScriptBlueprint '/Game/kingpin2018/ThirdPersonBP/Maps/ThirdPersonExampleMap.ThirdPersonExampleMap:PersistentLevel.ThirdPersonExampleMap' with GeneratedClass '/Game/kingpin2018/ThirdPersonBP/Maps/ThirdPersonExampleMap.ThirdPersonExampleMap_C' with ClassGeneratedBy '/Game/kingpin2018/ThirdPersonBP/Maps/ThirdPersonExampleMap.ThirdPersonExampleMap:PersistentLevel.ThirdPersonExampleMap'
[2018.01.28-21.29.29:188][105]LogBlueprintUserMessages: Late EndPlayMap Detection: Level '/Game/kingpin2018/ThirdPersonBP/Maps/ThirdPersonExampleMap.ThirdPersonExampleMap:PersistentLevel' has LevelScriptBlueprint '/Game/kingpin2018/ThirdPersonBP/Maps/ThirdPersonExampleMap.ThirdPersonExampleMap:PersistentLevel.ThirdPersonExampleMap' with GeneratedClass '/Game/kingpin2018/ThirdPersonBP/Maps/ThirdPersonExampleMap.ThirdPersonExampleMap_C' with ClassGeneratedBy '/Game/kingpin2018/ThirdPersonBP/Maps/ThirdPersonExampleMap.ThirdPersonExampleMap:PersistentLevel.ThirdPersonExampleMap'
[2018.01.28-21.30.51:740][759]LogRenderer: Reallocating scene render targets to support 1208x712 Format 10 NumSamples 1 (Frame:1).
[2018.01.28-21.31.41:311][201]LogSavePackage: Save=241.12ms
[2018.01.28-21.31.41:311][201]LogSavePackage: Moving 'C:/Users/LTK19/Documents/GitHub/Kingpin-2018/Kingpin 2018/Data/UnrealEngine4_Game_Kingpin_2018/Kingpin2018/Saved/ThirdPersonExampleMap_Auto1F14EAA754CBCCB756E7FA78F45FB3EF6.tmp' to 'C:/Users/LTK19/Documents/GitHub/Kingpin-2018/Kingpin 2018/Data/UnrealEngine4_Game_Kingpin_2018/Kingpin2018/Saved/Autosaves/Game/kingpin2018/ThirdPersonBP/Maps/ThirdPersonExampleMap_Auto1.umap'
[2018.01.28-21.31.41:315][201]LogSavePackage: Display: Finished SavePackage C:/Users/LTK19/Documents/GitHub/Kingpin-2018/Kingpin 2018/Data/UnrealEngine4_Game_Kingpin_2018/Kingpin2018/Saved/Autosaves/Game/kingpin2018/ThirdPersonBP/Maps/ThirdPersonExampleMap_Auto1.umap
[2018.01.28-21.31.41:318][201]LogFileHelpers: Editor autosave (incl. sublevels) for '/Game/kingpin2018/ThirdPersonBP/Maps/ThirdPersonExampleMap' took 0.291
[2018.01.28-21.31.41:318][201]LogFileHelpers: Editor autosave (incl. sublevels) for all levels took 0.291
[2018.01.28-21.31.41:325][201]OBJ SavePackage: Generating thumbnails for [1] asset(s) in package [/Game/kingpin2018/ThirdPersonBP/Blueprints/ThirdPersonCharacter] ([1] browsable assets)...
[2018.01.28-21.31.41:354][201]OBJ SavePackage:     Rendered thumbnail for [Blueprint /Game/kingpin2018/ThirdPersonBP/Blueprints/ThirdPersonCharacter.ThirdPersonCharacter]
[2018.01.28-21.31.41:355][201]OBJ SavePackage: Finished generating thumbnails for package [/Game/kingpin2018/ThirdPersonBP/Blueprints/ThirdPersonCharacter]
[2018.01.28-21.31.41:492][201]LogSavePackage: Save=122.72ms
[2018.01.28-21.31.41:492][201]LogSavePackage: Moving 'C:/Users/LTK19/Documents/GitHub/Kingpin-2018/Kingpin 2018/Data/UnrealEngine4_Game_Kingpin_2018/Kingpin2018/Saved/ThirdPersonCharacter_Auto152E8B82A445974C0C23BDDA534EB569E.tmp' to 'C:/Users/LTK19/Documents/GitHub/Kingpin-2018/Kingpin 2018/Data/UnrealEngine4_Game_Kingpin_2018/Kingpin2018/Saved/Autosaves/Game/kingpin2018/ThirdPersonBP/Blueprints/ThirdPersonCharacter_Auto1.uasset'
[2018.01.28-21.31.41:494][201]LogSavePackage: Display: Finished SavePackage C:/Users/LTK19/Documents/GitHub/Kingpin-2018/Kingpin 2018/Data/UnrealEngine4_Game_Kingpin_2018/Kingpin2018/Saved/Autosaves/Game/kingpin2018/ThirdPersonBP/Blueprints/ThirdPersonCharacter_Auto1.uasset
[2018.01.28-21.31.41:494][201]LogFileHelpers: Auto-saving content packages took 0.172
[2018.01.28-21.35.24:260][602]LogAssetTools: Warning: Failed to import 'C:\Users\LTK19\Documents\knigpin\bullet\223\bullet_mat'. Unknown extension ''.
[2018.01.28-21.35.24:328][602]LogFactory: FactoryCreateFile: StaticMesh with FbxFactory (0 0 C:\Users\LTK19\Documents\knigpin\bullet\223\223.obj)
[2018.01.28-21.35.24:592][602]LogFbx: Loading FBX Scene from C:\Users\LTK19\Documents\knigpin\bullet\223\223.obj
[2018.01.28-21.35.26:583][602]LogFbx: FBX Scene Loaded Succesfully
[2018.01.28-21.35.36:232][602]LogFbx: Loading FBX Scene from C:\Users\LTK19\Documents\knigpin\bullet\223\223.obj
[2018.01.28-21.35.38:038][602]LogFbx: FBX Scene Loaded Succesfully
[2018.01.28-21.35.38:043][602]LogLinker: Can't find file '/Game/kingpin2018/Weapons/_23_bullet_CapsuleMat'
[2018.01.28-21.35.38:043][602]LogLinker: Can't find file '/Game/kingpin2018/Weapons/_23_bullet_CapsuleMat'
[2018.01.28-21.35.38:327][602]LogMaterial: Missing cached shader map for material _23_bullet_CapsuleMat, compiling. 
[2018.01.28-21.35.38:356][602]LogFbx: Warning: Triangulating static mesh _23_bullet_Capsule
[2018.01.28-21.35.43:852][602]LogStaticMesh: Building static mesh 223__23_bullet_Capsule...
[2018.01.28-21.37.55:107][602]LogStaticMesh: Built static mesh [131.25s] /Game/kingpin2018/Weapons/223__23_bullet_Capsule.223__23_bullet_Capsule
[2018.01.28-21.37.55:150][602]LogLinker: Can't find file '/Game/kingpin2018/Weapons/_23_shell_CylinderMat'
[2018.01.28-21.37.55:150][602]LogLinker: Can't find file '/Game/kingpin2018/Weapons/_23_shell_CylinderMat'
[2018.01.28-21.37.55:156][602]LogMaterial: Missing cached shader map for material _23_shell_CylinderMat, compiling. 
[2018.01.28-21.37.55:170][602]LogFbx: Warning: Triangulating static mesh _23_shell_Cylinder
[2018.01.28-21.38.11:906][602]LogStaticMesh: Building static mesh 223__23_shell_Cylinder...
